The system is: Linux - 4.19.0-6-amd64 - x86_64
Compiling the C compiler identification source file "CMakeCCompilerId.c" succeeded.
Compiler: /usr/bin/cc 
Build flags: 
Id flags:  

The output was:
0


Compilation of the C compiler identification source "CMakeCCompilerId.c" produced "a.out"

The C compiler identification is GNU, found in "/home/user/QT_Nest/nlopt/CMakeFiles/3.13.4/CompilerIdC/a.out"

Compiling the CXX compiler identification source file "CMakeCXXCompilerId.cpp" succeeded.
Compiler: /usr/bin/c++ 
Build flags: 
Id flags:  

The output was:
0


Compilation of the CXX compiler identification source "CMakeCXXCompilerId.cpp" produced "a.out"

The CXX compiler identification is GNU, found in "/home/user/QT_Nest/nlopt/CMakeFiles/3.13.4/CompilerIdCXX/a.out"

Determining if the C compiler works passed with the following output:
Change Dir: /home/user/QT_Nest/nlopt/CMakeFiles/CMakeTmp

Run Build Command:"/usr/bin/make" "cmTC_d38cd/fast"
/usr/bin/make -f CMakeFiles/cmTC_d38cd.dir/build.make CMakeFiles/cmTC_d38cd.dir/build
make[1]: Entering directory '/home/user/QT_Nest/nlopt/CMakeFiles/CMakeTmp'
Building C object CMakeFiles/cmTC_d38cd.dir/testCCompiler.c.o
/usr/bin/cc    -o CMakeFiles/cmTC_d38cd.dir/testCCompiler.c.o   -c /home/user/QT_Nest/nlopt/CMakeFiles/CMakeTmp/testCCompiler.c
Linking C executable cmTC_d38cd
/usr/bin/cmake -E cmake_link_script CMakeFiles/cmTC_d38cd.dir/link.txt --verbose=1
/usr/bin/cc      -rdynamic CMakeFiles/cmTC_d38cd.dir/testCCompiler.c.o  -o cmTC_d38cd 
make[1]: Leaving directory '/home/user/QT_Nest/nlopt/CMakeFiles/CMakeTmp'


Detecting C compiler ABI info compiled with the following output:
Change Dir: /home/user/QT_Nest/nlopt/CMakeFiles/CMakeTmp

Run Build Command:"/usr/bin/make" "cmTC_a0a02/fast"
/usr/bin/make -f CMakeFiles/cmTC_a0a02.dir/build.make CMakeFiles/cmTC_a0a02.dir/build
make[1]: Entering directory '/home/user/QT_Nest/nlopt/CMakeFiles/CMakeTmp'
Building C object CMakeFiles/cmTC_a0a02.dir/CMakeCCompilerABI.c.o
/usr/bin/cc    -o CMakeFiles/cmTC_a0a02.dir/CMakeCCompilerABI.c.o   -c /usr/share/cmake-3.13/Modules/CMakeCCompilerABI.c
Linking C executable cmTC_a0a02
/usr/bin/cmake -E cmake_link_script CMakeFiles/cmTC_a0a02.dir/link.txt --verbose=1
/usr/bin/cc     -v -rdynamic CMakeFiles/cmTC_a0a02.dir/CMakeCCompilerABI.c.o  -o cmTC_a0a02 
Using built-in specs.
COLLECT_GCC=/usr/bin/cc
COLLECT_LTO_WRAPPER=/usr/lib/gcc/x86_64-linux-gnu/8/lto-wrapper
OFFLOAD_TARGET_NAMES=nvptx-none
OFFLOAD_TARGET_DEFAULT=1
Target: x86_64-linux-gnu
Configured with: ../src/configure -v --with-pkgversion='Debian 8.3.0-6' --with-bugurl=file:///usr/share/doc/gcc-8/README.Bugs --enable-languages=c,ada,c++,go,brig,d,fortran,objc,obj-c++ --prefix=/usr --with-gcc-major-version-only --program-suffix=-8 --program-prefix=x86_64-linux-gnu- --enable-shared --enable-linker-build-id --libexecdir=/usr/lib --without-included-gettext --enable-threads=posix --libdir=/usr/lib --enable-nls --enable-bootstrap --enable-clocale=gnu --enable-libstdcxx-debug --enable-libstdcxx-time=yes --with-default-libstdcxx-abi=new --enable-gnu-unique-object --disable-vtable-verify --enable-libmpx --enable-plugin --enable-default-pie --with-system-zlib --with-target-system-zlib --enable-objc-gc=auto --enable-multiarch --disable-werror --with-arch-32=i686 --with-abi=m64 --with-multilib-list=m32,m64,mx32 --enable-multilib --with-tune=generic --enable-offload-targets=nvptx-none --without-cuda-driver --enable-checking=release --build=x86_64-linux-gnu --host=x86_64-linux-gnu --target=x86_64-linux-gnu
Thread model: posix
gcc version 8.3.0 (Debian 8.3.0-6) 
COMPILER_PATH=/usr/lib/gcc/x86_64-linux-gnu/8/:/usr/lib/gcc/x86_64-linux-gnu/8/:/usr/lib/gcc/x86_64-linux-gnu/:/usr/lib/gcc/x86_64-linux-gnu/8/:/usr/lib/gcc/x86_64-linux-gnu/
LIBRARY_PATH=/usr/lib/gcc/x86_64-linux-gnu/8/:/usr/lib/gcc/x86_64-linux-gnu/8/../../../x86_64-linux-gnu/:/usr/lib/gcc/x86_64-linux-gnu/8/../../../../lib/:/lib/x86_64-linux-gnu/:/lib/../lib/:/usr/lib/x86_64-linux-gnu/:/usr/lib/../lib/:/usr/lib/gcc/x86_64-linux-gnu/8/../../../:/lib/:/usr/lib/
COLLECT_GCC_OPTIONS='-v' '-rdynamic' '-o' 'cmTC_a0a02' '-mtune=generic' '-march=x86-64'
 /usr/lib/gcc/x86_64-linux-gnu/8/collect2 -plugin /usr/lib/gcc/x86_64-linux-gnu/8/liblto_plugin.so -plugin-opt=/usr/lib/gcc/x86_64-linux-gnu/8/lto-wrapper -plugin-opt=-fresolution=/tmp/ccezyh3P.res -plugin-opt=-pass-through=-lgcc -plugin-opt=-pass-through=-lgcc_s -plugin-opt=-pass-through=-lc -plugin-opt=-pass-through=-lgcc -plugin-opt=-pass-through=-lgcc_s --build-id --eh-frame-hdr -m elf_x86_64 --hash-style=gnu -export-dynamic -dynamic-linker /lib64/ld-linux-x86-64.so.2 -pie -o cmTC_a0a02 /usr/lib/gcc/x86_64-linux-gnu/8/../../../x86_64-linux-gnu/Scrt1.o /usr/lib/gcc/x86_64-linux-gnu/8/../../../x86_64-linux-gnu/crti.o /usr/lib/gcc/x86_64-linux-gnu/8/crtbeginS.o -L/usr/lib/gcc/x86_64-linux-gnu/8 -L/usr/lib/gcc/x86_64-linux-gnu/8/../../../x86_64-linux-gnu -L/usr/lib/gcc/x86_64-linux-gnu/8/../../../../lib -L/lib/x86_64-linux-gnu -L/lib/../lib -L/usr/lib/x86_64-linux-gnu -L/usr/lib/../lib -L/usr/lib/gcc/x86_64-linux-gnu/8/../../.. CMakeFiles/cmTC_a0a02.dir/CMakeCCompilerABI.c.o -lgcc --push-state --as-needed -lgcc_s --pop-state -lc -lgcc --push-state --as-needed -lgcc_s --pop-state /usr/lib/gcc/x86_64-linux-gnu/8/crtendS.o /usr/lib/gcc/x86_64-linux-gnu/8/../../../x86_64-linux-gnu/crtn.o
COLLECT_GCC_OPTIONS='-v' '-rdynamic' '-o' 'cmTC_a0a02' '-mtune=generic' '-march=x86-64'
make[1]: Leaving directory '/home/user/QT_Nest/nlopt/CMakeFiles/CMakeTmp'


Parsed C implicit link information from above output:
  link line regex: [^( *|.*[/\])(ld|CMAKE_LINK_STARTFILE-NOTFOUND|([^/\]+-)?ld|collect2)[^/\]*( |$)]
  ignore line: [Change Dir: /home/user/QT_Nest/nlopt/CMakeFiles/CMakeTmp]
  ignore line: []
  ignore line: [Run Build Command:"/usr/bin/make" "cmTC_a0a02/fast"]
  ignore line: [/usr/bin/make -f CMakeFiles/cmTC_a0a02.dir/build.make CMakeFiles/cmTC_a0a02.dir/build]
  ignore line: [make[1]: Entering directory '/home/user/QT_Nest/nlopt/CMakeFiles/CMakeTmp']
  ignore line: [Building C object CMakeFiles/cmTC_a0a02.dir/CMakeCCompilerABI.c.o]
  ignore line: [/usr/bin/cc    -o CMakeFiles/cmTC_a0a02.dir/CMakeCCompilerABI.c.o   -c /usr/share/cmake-3.13/Modules/CMakeCCompilerABI.c]
  ignore line: [Linking C executable cmTC_a0a02]
  ignore line: [/usr/bin/cmake -E cmake_link_script CMakeFiles/cmTC_a0a02.dir/link.txt --verbose=1]
  ignore line: [/usr/bin/cc     -v -rdynamic CMakeFiles/cmTC_a0a02.dir/CMakeCCompilerABI.c.o  -o cmTC_a0a02 ]
  ignore line: [Using built-in specs.]
  ignore line: [COLLECT_GCC=/usr/bin/cc]
  ignore line: [COLLECT_LTO_WRAPPER=/usr/lib/gcc/x86_64-linux-gnu/8/lto-wrapper]
  ignore line: [OFFLOAD_TARGET_NAMES=nvptx-none]
  ignore line: [OFFLOAD_TARGET_DEFAULT=1]
  ignore line: [Target: x86_64-linux-gnu]
  ignore line: [Configured with: ../src/configure -v --with-pkgversion='Debian 8.3.0-6' --with-bugurl=file:///usr/share/doc/gcc-8/README.Bugs --enable-languages=c,ada,c++,go,brig,d,fortran,objc,obj-c++ --prefix=/usr --with-gcc-major-version-only --program-suffix=-8 --program-prefix=x86_64-linux-gnu- --enable-shared --enable-linker-build-id --libexecdir=/usr/lib --without-included-gettext --enable-threads=posix --libdir=/usr/lib --enable-nls --enable-bootstrap --enable-clocale=gnu --enable-libstdcxx-debug --enable-libstdcxx-time=yes --with-default-libstdcxx-abi=new --enable-gnu-unique-object --disable-vtable-verify --enable-libmpx --enable-plugin --enable-default-pie --with-system-zlib --with-target-system-zlib --enable-objc-gc=auto --enable-multiarch --disable-werror --with-arch-32=i686 --with-abi=m64 --with-multilib-list=m32,m64,mx32 --enable-multilib --with-tune=generic --enable-offload-targets=nvptx-none --without-cuda-driver --enable-checking=release --build=x86_64-linux-gnu --host=x86_64-linux-gnu --target=x86_64-linux-gnu]
  ignore line: [Thread model: posix]
  ignore line: [gcc version 8.3.0 (Debian 8.3.0-6) ]
  ignore line: [COMPILER_PATH=/usr/lib/gcc/x86_64-linux-gnu/8/:/usr/lib/gcc/x86_64-linux-gnu/8/:/usr/lib/gcc/x86_64-linux-gnu/:/usr/lib/gcc/x86_64-linux-gnu/8/:/usr/lib/gcc/x86_64-linux-gnu/]
  ignore line: [LIBRARY_PATH=/usr/lib/gcc/x86_64-linux-gnu/8/:/usr/lib/gcc/x86_64-linux-gnu/8/../../../x86_64-linux-gnu/:/usr/lib/gcc/x86_64-linux-gnu/8/../../../../lib/:/lib/x86_64-linux-gnu/:/lib/../lib/:/usr/lib/x86_64-linux-gnu/:/usr/lib/../lib/:/usr/lib/gcc/x86_64-linux-gnu/8/../../../:/lib/:/usr/lib/]
  ignore line: [COLLECT_GCC_OPTIONS='-v' '-rdynamic' '-o' 'cmTC_a0a02' '-mtune=generic' '-march=x86-64']
  link line: [ /usr/lib/gcc/x86_64-linux-gnu/8/collect2 -plugin /usr/lib/gcc/x86_64-linux-gnu/8/liblto_plugin.so -plugin-opt=/usr/lib/gcc/x86_64-linux-gnu/8/lto-wrapper -plugin-opt=-fresolution=/tmp/ccezyh3P.res -plugin-opt=-pass-through=-lgcc -plugin-opt=-pass-through=-lgcc_s -plugin-opt=-pass-through=-lc -plugin-opt=-pass-through=-lgcc -plugin-opt=-pass-through=-lgcc_s --build-id --eh-frame-hdr -m elf_x86_64 --hash-style=gnu -export-dynamic -dynamic-linker /lib64/ld-linux-x86-64.so.2 -pie -o cmTC_a0a02 /usr/lib/gcc/x86_64-linux-gnu/8/../../../x86_64-linux-gnu/Scrt1.o /usr/lib/gcc/x86_64-linux-gnu/8/../../../x86_64-linux-gnu/crti.o /usr/lib/gcc/x86_64-linux-gnu/8/crtbeginS.o -L/usr/lib/gcc/x86_64-linux-gnu/8 -L/usr/lib/gcc/x86_64-linux-gnu/8/../../../x86_64-linux-gnu -L/usr/lib/gcc/x86_64-linux-gnu/8/../../../../lib -L/lib/x86_64-linux-gnu -L/lib/../lib -L/usr/lib/x86_64-linux-gnu -L/usr/lib/../lib -L/usr/lib/gcc/x86_64-linux-gnu/8/../../.. CMakeFiles/cmTC_a0a02.dir/CMakeCCompilerABI.c.o -lgcc --push-state --as-needed -lgcc_s --pop-state -lc -lgcc --push-state --as-needed -lgcc_s --pop-state /usr/lib/gcc/x86_64-linux-gnu/8/crtendS.o /usr/lib/gcc/x86_64-linux-gnu/8/../../../x86_64-linux-gnu/crtn.o]
    arg [/usr/lib/gcc/x86_64-linux-gnu/8/collect2] ==> ignore
    arg [-plugin] ==> ignore
    arg [/usr/lib/gcc/x86_64-linux-gnu/8/liblto_plugin.so] ==> ignore
    arg [-plugin-opt=/usr/lib/gcc/x86_64-linux-gnu/8/lto-wrapper] ==> ignore
    arg [-plugin-opt=-fresolution=/tmp/ccezyh3P.res] ==> ignore
    arg [-plugin-opt=-pass-through=-lgcc] ==> ignore
    arg [-plugin-opt=-pass-through=-lgcc_s] ==> ignore
    arg [-plugin-opt=-pass-through=-lc] ==> ignore
    arg [-plugin-opt=-pass-through=-lgcc] ==> ignore
    arg [-plugin-opt=-pass-through=-lgcc_s] ==> ignore
    arg [--build-id] ==> ignore
    arg [--eh-frame-hdr] ==> ignore
    arg [-m] ==> ignore
    arg [elf_x86_64] ==> ignore
    arg [--hash-style=gnu] ==> ignore
    arg [-export-dynamic] ==> ignore
    arg [-dynamic-linker] ==> ignore
    arg [/lib64/ld-linux-x86-64.so.2] ==> ignore
    arg [-pie] ==> ignore
    arg [-o] ==> ignore
    arg [cmTC_a0a02] ==> ignore
    arg [/usr/lib/gcc/x86_64-linux-gnu/8/../../../x86_64-linux-gnu/Scrt1.o] ==> ignore
    arg [/usr/lib/gcc/x86_64-linux-gnu/8/../../../x86_64-linux-gnu/crti.o] ==> ignore
    arg [/usr/lib/gcc/x86_64-linux-gnu/8/crtbeginS.o] ==> ignore
    arg [-L/usr/lib/gcc/x86_64-linux-gnu/8] ==> dir [/usr/lib/gcc/x86_64-linux-gnu/8]
    arg [-L/usr/lib/gcc/x86_64-linux-gnu/8/../../../x86_64-linux-gnu] ==> dir [/usr/lib/gcc/x86_64-linux-gnu/8/../../../x86_64-linux-gnu]
    arg [-L/usr/lib/gcc/x86_64-linux-gnu/8/../../../../lib] ==> dir [/usr/lib/gcc/x86_64-linux-gnu/8/../../../../lib]
    arg [-L/lib/x86_64-linux-gnu] ==> dir [/lib/x86_64-linux-gnu]
    arg [-L/lib/../lib] ==> dir [/lib/../lib]
    arg [-L/usr/lib/x86_64-linux-gnu] ==> dir [/usr/lib/x86_64-linux-gnu]
    arg [-L/usr/lib/../lib] ==> dir [/usr/lib/../lib]
    arg [-L/usr/lib/gcc/x86_64-linux-gnu/8/../../..] ==> dir [/usr/lib/gcc/x86_64-linux-gnu/8/../../..]
    arg [CMakeFiles/cmTC_a0a02.dir/CMakeCCompilerABI.c.o] ==> ignore
    arg [-lgcc] ==> lib [gcc]
    arg [--push-state] ==> ignore
    arg [--as-needed] ==> ignore
    arg [-lgcc_s] ==> lib [gcc_s]
    arg [--pop-state] ==> ignore
    arg [-lc] ==> lib [c]
    arg [-lgcc] ==> lib [gcc]
    arg [--push-state] ==> ignore
    arg [--as-needed] ==> ignore
    arg [-lgcc_s] ==> lib [gcc_s]
    arg [--pop-state] ==> ignore
    arg [/usr/lib/gcc/x86_64-linux-gnu/8/crtendS.o] ==> ignore
    arg [/usr/lib/gcc/x86_64-linux-gnu/8/../../../x86_64-linux-gnu/crtn.o] ==> ignore
  collapse library dir [/usr/lib/gcc/x86_64-linux-gnu/8] ==> [/usr/lib/gcc/x86_64-linux-gnu/8]
  collapse library dir [/usr/lib/gcc/x86_64-linux-gnu/8/../../../x86_64-linux-gnu] ==> [/usr/lib/x86_64-linux-gnu]
  collapse library dir [/usr/lib/gcc/x86_64-linux-gnu/8/../../../../lib] ==> [/usr/lib]
  collapse library dir [/lib/x86_64-linux-gnu] ==> [/lib/x86_64-linux-gnu]
  collapse library dir [/lib/../lib] ==> [/lib]
  collapse library dir [/usr/lib/x86_64-linux-gnu] ==> [/usr/lib/x86_64-linux-gnu]
  collapse library dir [/usr/lib/../lib] ==> [/usr/lib]
  collapse library dir [/usr/lib/gcc/x86_64-linux-gnu/8/../../..] ==> [/usr/lib]
  implicit libs: [gcc;gcc_s;c;gcc;gcc_s]
  implicit dirs: [/usr/lib/gcc/x86_64-linux-gnu/8;/usr/lib/x86_64-linux-gnu;/usr/lib;/lib/x86_64-linux-gnu;/lib]
  implicit fwks: []




Detecting C [-std=c11] compiler features compiled with the following output:
Change Dir: /home/user/QT_Nest/nlopt/CMakeFiles/CMakeTmp

Run Build Command:"/usr/bin/make" "cmTC_68bc6/fast"
/usr/bin/make -f CMakeFiles/cmTC_68bc6.dir/build.make CMakeFiles/cmTC_68bc6.dir/build
make[1]: Entering directory '/home/user/QT_Nest/nlopt/CMakeFiles/CMakeTmp'
Building C object CMakeFiles/cmTC_68bc6.dir/feature_tests.c.o
/usr/bin/cc   -std=c11 -o CMakeFiles/cmTC_68bc6.dir/feature_tests.c.o   -c /home/user/QT_Nest/nlopt/CMakeFiles/feature_tests.c
Linking C executable cmTC_68bc6
/usr/bin/cmake -E cmake_link_script CMakeFiles/cmTC_68bc6.dir/link.txt --verbose=1
/usr/bin/cc      -rdynamic CMakeFiles/cmTC_68bc6.dir/feature_tests.c.o  -o cmTC_68bc6 
make[1]: Leaving directory '/home/user/QT_Nest/nlopt/CMakeFiles/CMakeTmp'


    Feature record: C_FEATURE:1c_function_prototypes
    Feature record: C_FEATURE:1c_restrict
    Feature record: C_FEATURE:1c_static_assert
    Feature record: C_FEATURE:1c_variadic_macros


Detecting C [-std=c99] compiler features compiled with the following output:
Change Dir: /home/user/QT_Nest/nlopt/CMakeFiles/CMakeTmp

Run Build Command:"/usr/bin/make" "cmTC_34b56/fast"
/usr/bin/make -f CMakeFiles/cmTC_34b56.dir/build.make CMakeFiles/cmTC_34b56.dir/build
make[1]: Entering directory '/home/user/QT_Nest/nlopt/CMakeFiles/CMakeTmp'
Building C object CMakeFiles/cmTC_34b56.dir/feature_tests.c.o
/usr/bin/cc   -std=c99 -o CMakeFiles/cmTC_34b56.dir/feature_tests.c.o   -c /home/user/QT_Nest/nlopt/CMakeFiles/feature_tests.c
Linking C executable cmTC_34b56
/usr/bin/cmake -E cmake_link_script CMakeFiles/cmTC_34b56.dir/link.txt --verbose=1
/usr/bin/cc      -rdynamic CMakeFiles/cmTC_34b56.dir/feature_tests.c.o  -o cmTC_34b56 
make[1]: Leaving directory '/home/user/QT_Nest/nlopt/CMakeFiles/CMakeTmp'


    Feature record: C_FEATURE:1c_function_prototypes
    Feature record: C_FEATURE:1c_restrict
    Feature record: C_FEATURE:0c_static_assert
    Feature record: C_FEATURE:1c_variadic_macros


Detecting C [-std=c90] compiler features compiled with the following output:
Change Dir: /home/user/QT_Nest/nlopt/CMakeFiles/CMakeTmp

Run Build Command:"/usr/bin/make" "cmTC_3e80c/fast"
/usr/bin/make -f CMakeFiles/cmTC_3e80c.dir/build.make CMakeFiles/cmTC_3e80c.dir/build
make[1]: Entering directory '/home/user/QT_Nest/nlopt/CMakeFiles/CMakeTmp'
Building C object CMakeFiles/cmTC_3e80c.dir/feature_tests.c.o
/usr/bin/cc   -std=c90 -o CMakeFiles/cmTC_3e80c.dir/feature_tests.c.o   -c /home/user/QT_Nest/nlopt/CMakeFiles/feature_tests.c
Linking C executable cmTC_3e80c
/usr/bin/cmake -E cmake_link_script CMakeFiles/cmTC_3e80c.dir/link.txt --verbose=1
/usr/bin/cc      -rdynamic CMakeFiles/cmTC_3e80c.dir/feature_tests.c.o  -o cmTC_3e80c 
make[1]: Leaving directory '/home/user/QT_Nest/nlopt/CMakeFiles/CMakeTmp'


    Feature record: C_FEATURE:1c_function_prototypes
    Feature record: C_FEATURE:0c_restrict
    Feature record: C_FEATURE:0c_static_assert
    Feature record: C_FEATURE:0c_variadic_macros
Determining if the CXX compiler works passed with the following output:
Change Dir: /home/user/QT_Nest/nlopt/CMakeFiles/CMakeTmp

Run Build Command:"/usr/bin/make" "cmTC_1f46b/fast"
/usr/bin/make -f CMakeFiles/cmTC_1f46b.dir/build.make CMakeFiles/cmTC_1f46b.dir/build
make[1]: Entering directory '/home/user/QT_Nest/nlopt/CMakeFiles/CMakeTmp'
Building CXX object CMakeFiles/cmTC_1f46b.dir/testCXXCompiler.cxx.o
/usr/bin/c++     -o CMakeFiles/cmTC_1f46b.dir/testCXXCompiler.cxx.o -c /home/user/QT_Nest/nlopt/CMakeFiles/CMakeTmp/testCXXCompiler.cxx
Linking CXX executable cmTC_1f46b
/usr/bin/cmake -E cmake_link_script CMakeFiles/cmTC_1f46b.dir/link.txt --verbose=1
/usr/bin/c++       -rdynamic CMakeFiles/cmTC_1f46b.dir/testCXXCompiler.cxx.o  -o cmTC_1f46b 
make[1]: Leaving directory '/home/user/QT_Nest/nlopt/CMakeFiles/CMakeTmp'


Detecting CXX compiler ABI info compiled with the following output:
Change Dir: /home/user/QT_Nest/nlopt/CMakeFiles/CMakeTmp

Run Build Command:"/usr/bin/make" "cmTC_aaa0a/fast"
/usr/bin/make -f CMakeFiles/cmTC_aaa0a.dir/build.make CMakeFiles/cmTC_aaa0a.dir/build
make[1]: Entering directory '/home/user/QT_Nest/nlopt/CMakeFiles/CMakeTmp'
Building CXX object CMakeFiles/cmTC_aaa0a.dir/CMakeCXXCompilerABI.cpp.o
/usr/bin/c++     -o CMakeFiles/cmTC_aaa0a.dir/CMakeCXXCompilerABI.cpp.o -c /usr/share/cmake-3.13/Modules/CMakeCXXCompilerABI.cpp
Linking CXX executable cmTC_aaa0a
/usr/bin/cmake -E cmake_link_script CMakeFiles/cmTC_aaa0a.dir/link.txt --verbose=1
/usr/bin/c++      -v -rdynamic CMakeFiles/cmTC_aaa0a.dir/CMakeCXXCompilerABI.cpp.o  -o cmTC_aaa0a 
Using built-in specs.
COLLECT_GCC=/usr/bin/c++
COLLECT_LTO_WRAPPER=/usr/lib/gcc/x86_64-linux-gnu/8/lto-wrapper
OFFLOAD_TARGET_NAMES=nvptx-none
OFFLOAD_TARGET_DEFAULT=1
Target: x86_64-linux-gnu
Configured with: ../src/configure -v --with-pkgversion='Debian 8.3.0-6' --with-bugurl=file:///usr/share/doc/gcc-8/README.Bugs --enable-languages=c,ada,c++,go,brig,d,fortran,objc,obj-c++ --prefix=/usr --with-gcc-major-version-only --program-suffix=-8 --program-prefix=x86_64-linux-gnu- --enable-shared --enable-linker-build-id --libexecdir=/usr/lib --without-included-gettext --enable-threads=posix --libdir=/usr/lib --enable-nls --enable-bootstrap --enable-clocale=gnu --enable-libstdcxx-debug --enable-libstdcxx-time=yes --with-default-libstdcxx-abi=new --enable-gnu-unique-object --disable-vtable-verify --enable-libmpx --enable-plugin --enable-default-pie --with-system-zlib --with-target-system-zlib --enable-objc-gc=auto --enable-multiarch --disable-werror --with-arch-32=i686 --with-abi=m64 --with-multilib-list=m32,m64,mx32 --enable-multilib --with-tune=generic --enable-offload-targets=nvptx-none --without-cuda-driver --enable-checking=release --build=x86_64-linux-gnu --host=x86_64-linux-gnu --target=x86_64-linux-gnu
Thread model: posix
gcc version 8.3.0 (Debian 8.3.0-6) 
COMPILER_PATH=/usr/lib/gcc/x86_64-linux-gnu/8/:/usr/lib/gcc/x86_64-linux-gnu/8/:/usr/lib/gcc/x86_64-linux-gnu/:/usr/lib/gcc/x86_64-linux-gnu/8/:/usr/lib/gcc/x86_64-linux-gnu/
LIBRARY_PATH=/usr/lib/gcc/x86_64-linux-gnu/8/:/usr/lib/gcc/x86_64-linux-gnu/8/../../../x86_64-linux-gnu/:/usr/lib/gcc/x86_64-linux-gnu/8/../../../../lib/:/lib/x86_64-linux-gnu/:/lib/../lib/:/usr/lib/x86_64-linux-gnu/:/usr/lib/../lib/:/usr/lib/gcc/x86_64-linux-gnu/8/../../../:/lib/:/usr/lib/
COLLECT_GCC_OPTIONS='-v' '-rdynamic' '-o' 'cmTC_aaa0a' '-shared-libgcc' '-mtune=generic' '-march=x86-64'
 /usr/lib/gcc/x86_64-linux-gnu/8/collect2 -plugin /usr/lib/gcc/x86_64-linux-gnu/8/liblto_plugin.so -plugin-opt=/usr/lib/gcc/x86_64-linux-gnu/8/lto-wrapper -plugin-opt=-fresolution=/tmp/ccK7Hkqq.res -plugin-opt=-pass-through=-lgcc_s -plugin-opt=-pass-through=-lgcc -plugin-opt=-pass-through=-lc -plugin-opt=-pass-through=-lgcc_s -plugin-opt=-pass-through=-lgcc --build-id --eh-frame-hdr -m elf_x86_64 --hash-style=gnu -export-dynamic -dynamic-linker /lib64/ld-linux-x86-64.so.2 -pie -o cmTC_aaa0a /usr/lib/gcc/x86_64-linux-gnu/8/../../../x86_64-linux-gnu/Scrt1.o /usr/lib/gcc/x86_64-linux-gnu/8/../../../x86_64-linux-gnu/crti.o /usr/lib/gcc/x86_64-linux-gnu/8/crtbeginS.o -L/usr/lib/gcc/x86_64-linux-gnu/8 -L/usr/lib/gcc/x86_64-linux-gnu/8/../../../x86_64-linux-gnu -L/usr/lib/gcc/x86_64-linux-gnu/8/../../../../lib -L/lib/x86_64-linux-gnu -L/lib/../lib -L/usr/lib/x86_64-linux-gnu -L/usr/lib/../lib -L/usr/lib/gcc/x86_64-linux-gnu/8/../../.. CMakeFiles/cmTC_aaa0a.dir/CMakeCXXCompilerABI.cpp.o -lstdc++ -lm -lgcc_s -lgcc -lc -lgcc_s -lgcc /usr/lib/gcc/x86_64-linux-gnu/8/crtendS.o /usr/lib/gcc/x86_64-linux-gnu/8/../../../x86_64-linux-gnu/crtn.o
COLLECT_GCC_OPTIONS='-v' '-rdynamic' '-o' 'cmTC_aaa0a' '-shared-libgcc' '-mtune=generic' '-march=x86-64'
make[1]: Leaving directory '/home/user/QT_Nest/nlopt/CMakeFiles/CMakeTmp'


Parsed CXX implicit link information from above output:
  link line regex: [^( *|.*[/\])(ld|CMAKE_LINK_STARTFILE-NOTFOUND|([^/\]+-)?ld|collect2)[^/\]*( |$)]
  ignore line: [Change Dir: /home/user/QT_Nest/nlopt/CMakeFiles/CMakeTmp]
  ignore line: []
  ignore line: [Run Build Command:"/usr/bin/make" "cmTC_aaa0a/fast"]
  ignore line: [/usr/bin/make -f CMakeFiles/cmTC_aaa0a.dir/build.make CMakeFiles/cmTC_aaa0a.dir/build]
  ignore line: [make[1]: Entering directory '/home/user/QT_Nest/nlopt/CMakeFiles/CMakeTmp']
  ignore line: [Building CXX object CMakeFiles/cmTC_aaa0a.dir/CMakeCXXCompilerABI.cpp.o]
  ignore line: [/usr/bin/c++     -o CMakeFiles/cmTC_aaa0a.dir/CMakeCXXCompilerABI.cpp.o -c /usr/share/cmake-3.13/Modules/CMakeCXXCompilerABI.cpp]
  ignore line: [Linking CXX executable cmTC_aaa0a]
  ignore line: [/usr/bin/cmake -E cmake_link_script CMakeFiles/cmTC_aaa0a.dir/link.txt --verbose=1]
  ignore line: [/usr/bin/c++      -v -rdynamic CMakeFiles/cmTC_aaa0a.dir/CMakeCXXCompilerABI.cpp.o  -o cmTC_aaa0a ]
  ignore line: [Using built-in specs.]
  ignore line: [COLLECT_GCC=/usr/bin/c++]
  ignore line: [COLLECT_LTO_WRAPPER=/usr/lib/gcc/x86_64-linux-gnu/8/lto-wrapper]
  ignore line: [OFFLOAD_TARGET_NAMES=nvptx-none]
  ignore line: [OFFLOAD_TARGET_DEFAULT=1]
  ignore line: [Target: x86_64-linux-gnu]
  ignore line: [Configured with: ../src/configure -v --with-pkgversion='Debian 8.3.0-6' --with-bugurl=file:///usr/share/doc/gcc-8/README.Bugs --enable-languages=c,ada,c++,go,brig,d,fortran,objc,obj-c++ --prefix=/usr --with-gcc-major-version-only --program-suffix=-8 --program-prefix=x86_64-linux-gnu- --enable-shared --enable-linker-build-id --libexecdir=/usr/lib --without-included-gettext --enable-threads=posix --libdir=/usr/lib --enable-nls --enable-bootstrap --enable-clocale=gnu --enable-libstdcxx-debug --enable-libstdcxx-time=yes --with-default-libstdcxx-abi=new --enable-gnu-unique-object --disable-vtable-verify --enable-libmpx --enable-plugin --enable-default-pie --with-system-zlib --with-target-system-zlib --enable-objc-gc=auto --enable-multiarch --disable-werror --with-arch-32=i686 --with-abi=m64 --with-multilib-list=m32,m64,mx32 --enable-multilib --with-tune=generic --enable-offload-targets=nvptx-none --without-cuda-driver --enable-checking=release --build=x86_64-linux-gnu --host=x86_64-linux-gnu --target=x86_64-linux-gnu]
  ignore line: [Thread model: posix]
  ignore line: [gcc version 8.3.0 (Debian 8.3.0-6) ]
  ignore line: [COMPILER_PATH=/usr/lib/gcc/x86_64-linux-gnu/8/:/usr/lib/gcc/x86_64-linux-gnu/8/:/usr/lib/gcc/x86_64-linux-gnu/:/usr/lib/gcc/x86_64-linux-gnu/8/:/usr/lib/gcc/x86_64-linux-gnu/]
  ignore line: [LIBRARY_PATH=/usr/lib/gcc/x86_64-linux-gnu/8/:/usr/lib/gcc/x86_64-linux-gnu/8/../../../x86_64-linux-gnu/:/usr/lib/gcc/x86_64-linux-gnu/8/../../../../lib/:/lib/x86_64-linux-gnu/:/lib/../lib/:/usr/lib/x86_64-linux-gnu/:/usr/lib/../lib/:/usr/lib/gcc/x86_64-linux-gnu/8/../../../:/lib/:/usr/lib/]
  ignore line: [COLLECT_GCC_OPTIONS='-v' '-rdynamic' '-o' 'cmTC_aaa0a' '-shared-libgcc' '-mtune=generic' '-march=x86-64']
  link line: [ /usr/lib/gcc/x86_64-linux-gnu/8/collect2 -plugin /usr/lib/gcc/x86_64-linux-gnu/8/liblto_plugin.so -plugin-opt=/usr/lib/gcc/x86_64-linux-gnu/8/lto-wrapper -plugin-opt=-fresolution=/tmp/ccK7Hkqq.res -plugin-opt=-pass-through=-lgcc_s -plugin-opt=-pass-through=-lgcc -plugin-opt=-pass-through=-lc -plugin-opt=-pass-through=-lgcc_s -plugin-opt=-pass-through=-lgcc --build-id --eh-frame-hdr -m elf_x86_64 --hash-style=gnu -export-dynamic -dynamic-linker /lib64/ld-linux-x86-64.so.2 -pie -o cmTC_aaa0a /usr/lib/gcc/x86_64-linux-gnu/8/../../../x86_64-linux-gnu/Scrt1.o /usr/lib/gcc/x86_64-linux-gnu/8/../../../x86_64-linux-gnu/crti.o /usr/lib/gcc/x86_64-linux-gnu/8/crtbeginS.o -L/usr/lib/gcc/x86_64-linux-gnu/8 -L/usr/lib/gcc/x86_64-linux-gnu/8/../../../x86_64-linux-gnu -L/usr/lib/gcc/x86_64-linux-gnu/8/../../../../lib -L/lib/x86_64-linux-gnu -L/lib/../lib -L/usr/lib/x86_64-linux-gnu -L/usr/lib/../lib -L/usr/lib/gcc/x86_64-linux-gnu/8/../../.. CMakeFiles/cmTC_aaa0a.dir/CMakeCXXCompilerABI.cpp.o -lstdc++ -lm -lgcc_s -lgcc -lc -lgcc_s -lgcc /usr/lib/gcc/x86_64-linux-gnu/8/crtendS.o /usr/lib/gcc/x86_64-linux-gnu/8/../../../x86_64-linux-gnu/crtn.o]
    arg [/usr/lib/gcc/x86_64-linux-gnu/8/collect2] ==> ignore
    arg [-plugin] ==> ignore
    arg [/usr/lib/gcc/x86_64-linux-gnu/8/liblto_plugin.so] ==> ignore
    arg [-plugin-opt=/usr/lib/gcc/x86_64-linux-gnu/8/lto-wrapper] ==> ignore
    arg [-plugin-opt=-fresolution=/tmp/ccK7Hkqq.res] ==> ignore
    arg [-plugin-opt=-pass-through=-lgcc_s] ==> ignore
    arg [-plugin-opt=-pass-through=-lgcc] ==> ignore
    arg [-plugin-opt=-pass-through=-lc] ==> ignore
    arg [-plugin-opt=-pass-through=-lgcc_s] ==> ignore
    arg [-plugin-opt=-pass-through=-lgcc] ==> ignore
    arg [--build-id] ==> ignore
    arg [--eh-frame-hdr] ==> ignore
    arg [-m] ==> ignore
    arg [elf_x86_64] ==> ignore
    arg [--hash-style=gnu] ==> ignore
    arg [-export-dynamic] ==> ignore
    arg [-dynamic-linker] ==> ignore
    arg [/lib64/ld-linux-x86-64.so.2] ==> ignore
    arg [-pie] ==> ignore
    arg [-o] ==> ignore
    arg [cmTC_aaa0a] ==> ignore
    arg [/usr/lib/gcc/x86_64-linux-gnu/8/../../../x86_64-linux-gnu/Scrt1.o] ==> ignore
    arg [/usr/lib/gcc/x86_64-linux-gnu/8/../../../x86_64-linux-gnu/crti.o] ==> ignore
    arg [/usr/lib/gcc/x86_64-linux-gnu/8/crtbeginS.o] ==> ignore
    arg [-L/usr/lib/gcc/x86_64-linux-gnu/8] ==> dir [/usr/lib/gcc/x86_64-linux-gnu/8]
    arg [-L/usr/lib/gcc/x86_64-linux-gnu/8/../../../x86_64-linux-gnu] ==> dir [/usr/lib/gcc/x86_64-linux-gnu/8/../../../x86_64-linux-gnu]
    arg [-L/usr/lib/gcc/x86_64-linux-gnu/8/../../../../lib] ==> dir [/usr/lib/gcc/x86_64-linux-gnu/8/../../../../lib]
    arg [-L/lib/x86_64-linux-gnu] ==> dir [/lib/x86_64-linux-gnu]
    arg [-L/lib/../lib] ==> dir [/lib/../lib]
    arg [-L/usr/lib/x86_64-linux-gnu] ==> dir [/usr/lib/x86_64-linux-gnu]
    arg [-L/usr/lib/../lib] ==> dir [/usr/lib/../lib]
    arg [-L/usr/lib/gcc/x86_64-linux-gnu/8/../../..] ==> dir [/usr/lib/gcc/x86_64-linux-gnu/8/../../..]
    arg [CMakeFiles/cmTC_aaa0a.dir/CMakeCXXCompilerABI.cpp.o] ==> ignore
    arg [-lstdc++] ==> lib [stdc++]
    arg [-lm] ==> lib [m]
    arg [-lgcc_s] ==> lib [gcc_s]
    arg [-lgcc] ==> lib [gcc]
    arg [-lc] ==> lib [c]
    arg [-lgcc_s] ==> lib [gcc_s]
    arg [-lgcc] ==> lib [gcc]
    arg [/usr/lib/gcc/x86_64-linux-gnu/8/crtendS.o] ==> ignore
    arg [/usr/lib/gcc/x86_64-linux-gnu/8/../../../x86_64-linux-gnu/crtn.o] ==> ignore
  collapse library dir [/usr/lib/gcc/x86_64-linux-gnu/8] ==> [/usr/lib/gcc/x86_64-linux-gnu/8]
  collapse library dir [/usr/lib/gcc/x86_64-linux-gnu/8/../../../x86_64-linux-gnu] ==> [/usr/lib/x86_64-linux-gnu]
  collapse library dir [/usr/lib/gcc/x86_64-linux-gnu/8/../../../../lib] ==> [/usr/lib]
  collapse library dir [/lib/x86_64-linux-gnu] ==> [/lib/x86_64-linux-gnu]
  collapse library dir [/lib/../lib] ==> [/lib]
  collapse library dir [/usr/lib/x86_64-linux-gnu] ==> [/usr/lib/x86_64-linux-gnu]
  collapse library dir [/usr/lib/../lib] ==> [/usr/lib]
  collapse library dir [/usr/lib/gcc/x86_64-linux-gnu/8/../../..] ==> [/usr/lib]
  implicit libs: [stdc++;m;gcc_s;gcc;c;gcc_s;gcc]
  implicit dirs: [/usr/lib/gcc/x86_64-linux-gnu/8;/usr/lib/x86_64-linux-gnu;/usr/lib;/lib/x86_64-linux-gnu;/lib]
  implicit fwks: []




Detecting CXX [-std=c++2a] compiler features compiled with the following output:
Change Dir: /home/user/QT_Nest/nlopt/CMakeFiles/CMakeTmp

Run Build Command:"/usr/bin/make" "cmTC_6115e/fast"
/usr/bin/make -f CMakeFiles/cmTC_6115e.dir/build.make CMakeFiles/cmTC_6115e.dir/build
make[1]: Entering directory '/home/user/QT_Nest/nlopt/CMakeFiles/CMakeTmp'
Building CXX object CMakeFiles/cmTC_6115e.dir/feature_tests.cxx.o
/usr/bin/c++    -std=c++2a -o CMakeFiles/cmTC_6115e.dir/feature_tests.cxx.o -c /home/user/QT_Nest/nlopt/CMakeFiles/feature_tests.cxx
Linking CXX executable cmTC_6115e
/usr/bin/cmake -E cmake_link_script CMakeFiles/cmTC_6115e.dir/link.txt --verbose=1
/usr/bin/c++       -rdynamic CMakeFiles/cmTC_6115e.dir/feature_tests.cxx.o  -o cmTC_6115e 
make[1]: Leaving directory '/home/user/QT_Nest/nlopt/CMakeFiles/CMakeTmp'


    Feature record: CXX_FEATURE:1cxx_aggregate_default_initializers
    Feature record: CXX_FEATURE:1cxx_alias_templates
    Feature record: CXX_FEATURE:1cxx_alignas
    Feature record: CXX_FEATURE:1cxx_alignof
    Feature record: CXX_FEATURE:1cxx_attributes
    Feature record: CXX_FEATURE:1cxx_attribute_deprecated
    Feature record: CXX_FEATURE:1cxx_auto_type
    Feature record: CXX_FEATURE:1cxx_binary_literals
    Feature record: CXX_FEATURE:1cxx_constexpr
    Feature record: CXX_FEATURE:1cxx_contextual_conversions
    Feature record: CXX_FEATURE:1cxx_decltype
    Feature record: CXX_FEATURE:1cxx_decltype_auto
    Feature record: CXX_FEATURE:1cxx_decltype_incomplete_return_types
    Feature record: CXX_FEATURE:1cxx_default_function_template_args
    Feature record: CXX_FEATURE:1cxx_defaulted_functions
    Feature record: CXX_FEATURE:1cxx_defaulted_move_initializers
    Feature record: CXX_FEATURE:1cxx_delegating_constructors
    Feature record: CXX_FEATURE:1cxx_deleted_functions
    Feature record: CXX_FEATURE:1cxx_digit_separators
    Feature record: CXX_FEATURE:1cxx_enum_forward_declarations
    Feature record: CXX_FEATURE:1cxx_explicit_conversions
    Feature record: CXX_FEATURE:1cxx_extended_friend_declarations
    Feature record: CXX_FEATURE:1cxx_extern_templates
    Feature record: CXX_FEATURE:1cxx_final
    Feature record: CXX_FEATURE:1cxx_func_identifier
    Feature record: CXX_FEATURE:1cxx_generalized_initializers
    Feature record: CXX_FEATURE:1cxx_generic_lambdas
    Feature record: CXX_FEATURE:1cxx_inheriting_constructors
    Feature record: CXX_FEATURE:1cxx_inline_namespaces
    Feature record: CXX_FEATURE:1cxx_lambdas
    Feature record: CXX_FEATURE:1cxx_lambda_init_captures
    Feature record: CXX_FEATURE:1cxx_local_type_template_args
    Feature record: CXX_FEATURE:1cxx_long_long_type
    Feature record: CXX_FEATURE:1cxx_noexcept
    Feature record: CXX_FEATURE:1cxx_nonstatic_member_init
    Feature record: CXX_FEATURE:1cxx_nullptr
    Feature record: CXX_FEATURE:1cxx_override
    Feature record: CXX_FEATURE:1cxx_range_for
    Feature record: CXX_FEATURE:1cxx_raw_string_literals
    Feature record: CXX_FEATURE:1cxx_reference_qualified_functions
    Feature record: CXX_FEATURE:1cxx_relaxed_constexpr
    Feature record: CXX_FEATURE:1cxx_return_type_deduction
    Feature record: CXX_FEATURE:1cxx_right_angle_brackets
    Feature record: CXX_FEATURE:1cxx_rvalue_references
    Feature record: CXX_FEATURE:1cxx_sizeof_member
    Feature record: CXX_FEATURE:1cxx_static_assert
    Feature record: CXX_FEATURE:1cxx_strong_enums
    Feature record: CXX_FEATURE:1cxx_template_template_parameters
    Feature record: CXX_FEATURE:1cxx_thread_local
    Feature record: CXX_FEATURE:1cxx_trailing_return_types
    Feature record: CXX_FEATURE:1cxx_unicode_literals
    Feature record: CXX_FEATURE:1cxx_uniform_initialization
    Feature record: CXX_FEATURE:1cxx_unrestricted_unions
    Feature record: CXX_FEATURE:1cxx_user_literals
    Feature record: CXX_FEATURE:1cxx_variable_templates
    Feature record: CXX_FEATURE:1cxx_variadic_macros
    Feature record: CXX_FEATURE:1cxx_variadic_templates


Detecting CXX [-std=c++17] compiler features compiled with the following output:
Change Dir: /home/user/QT_Nest/nlopt/CMakeFiles/CMakeTmp

Run Build Command:"/usr/bin/make" "cmTC_ab306/fast"
/usr/bin/make -f CMakeFiles/cmTC_ab306.dir/build.make CMakeFiles/cmTC_ab306.dir/build
make[1]: Entering directory '/home/user/QT_Nest/nlopt/CMakeFiles/CMakeTmp'
Building CXX object CMakeFiles/cmTC_ab306.dir/feature_tests.cxx.o
/usr/bin/c++    -std=c++17 -o CMakeFiles/cmTC_ab306.dir/feature_tests.cxx.o -c /home/user/QT_Nest/nlopt/CMakeFiles/feature_tests.cxx
Linking CXX executable cmTC_ab306
/usr/bin/cmake -E cmake_link_script CMakeFiles/cmTC_ab306.dir/link.txt --verbose=1
/usr/bin/c++       -rdynamic CMakeFiles/cmTC_ab306.dir/feature_tests.cxx.o  -o cmTC_ab306 
make[1]: Leaving directory '/home/user/QT_Nest/nlopt/CMakeFiles/CMakeTmp'


    Feature record: CXX_FEATURE:1cxx_aggregate_default_initializers
    Feature record: CXX_FEATURE:1cxx_alias_templates
    Feature record: CXX_FEATURE:1cxx_alignas
    Feature record: CXX_FEATURE:1cxx_alignof
    Feature record: CXX_FEATURE:1cxx_attributes
    Feature record: CXX_FEATURE:1cxx_attribute_deprecated
    Feature record: CXX_FEATURE:1cxx_auto_type
    Feature record: CXX_FEATURE:1cxx_binary_literals
    Feature record: CXX_FEATURE:1cxx_constexpr
    Feature record: CXX_FEATURE:1cxx_contextual_conversions
    Feature record: CXX_FEATURE:1cxx_decltype
    Feature record: CXX_FEATURE:1cxx_decltype_auto
    Feature record: CXX_FEATURE:1cxx_decltype_incomplete_return_types
    Feature record: CXX_FEATURE:1cxx_default_function_template_args
    Feature record: CXX_FEATURE:1cxx_defaulted_functions
    Feature record: CXX_FEATURE:1cxx_defaulted_move_initializers
    Feature record: CXX_FEATURE:1cxx_delegating_constructors
    Feature record: CXX_FEATURE:1cxx_deleted_functions
    Feature record: CXX_FEATURE:1cxx_digit_separators
    Feature record: CXX_FEATURE:1cxx_enum_forward_declarations
    Feature record: CXX_FEATURE:1cxx_explicit_conversions
    Feature record: CXX_FEATURE:1cxx_extended_friend_declarations
    Feature record: CXX_FEATURE:1cxx_extern_templates
    Feature record: CXX_FEATURE:1cxx_final
    Feature record: CXX_FEATURE:1cxx_func_identifier
    Feature record: CXX_FEATURE:1cxx_generalized_initializers
    Feature record: CXX_FEATURE:1cxx_generic_lambdas
    Feature record: CXX_FEATURE:1cxx_inheriting_constructors
    Feature record: CXX_FEATURE:1cxx_inline_namespaces
    Feature record: CXX_FEATURE:1cxx_lambdas
    Feature record: CXX_FEATURE:1cxx_lambda_init_captures
    Feature record: CXX_FEATURE:1cxx_local_type_template_args
    Feature record: CXX_FEATURE:1cxx_long_long_type
    Feature record: CXX_FEATURE:1cxx_noexcept
    Feature record: CXX_FEATURE:1cxx_nonstatic_member_init
    Feature record: CXX_FEATURE:1cxx_nullptr
    Feature record: CXX_FEATURE:1cxx_override
    Feature record: CXX_FEATURE:1cxx_range_for
    Feature record: CXX_FEATURE:1cxx_raw_string_literals
    Feature record: CXX_FEATURE:1cxx_reference_qualified_functions
    Feature record: CXX_FEATURE:1cxx_relaxed_constexpr
    Feature record: CXX_FEATURE:1cxx_return_type_deduction
    Feature record: CXX_FEATURE:1cxx_right_angle_brackets
    Feature record: CXX_FEATURE:1cxx_rvalue_references
    Feature record: CXX_FEATURE:1cxx_sizeof_member
    Feature record: CXX_FEATURE:1cxx_static_assert
    Feature record: CXX_FEATURE:1cxx_strong_enums
    Feature record: CXX_FEATURE:1cxx_template_template_parameters
    Feature record: CXX_FEATURE:1cxx_thread_local
    Feature record: CXX_FEATURE:1cxx_trailing_return_types
    Feature record: CXX_FEATURE:1cxx_unicode_literals
    Feature record: CXX_FEATURE:1cxx_uniform_initialization
    Feature record: CXX_FEATURE:1cxx_unrestricted_unions
    Feature record: CXX_FEATURE:1cxx_user_literals
    Feature record: CXX_FEATURE:1cxx_variable_templates
    Feature record: CXX_FEATURE:1cxx_variadic_macros
    Feature record: CXX_FEATURE:1cxx_variadic_templates


Detecting CXX [-std=c++14] compiler features compiled with the following output:
Change Dir: /home/user/QT_Nest/nlopt/CMakeFiles/CMakeTmp

Run Build Command:"/usr/bin/make" "cmTC_b9985/fast"
/usr/bin/make -f CMakeFiles/cmTC_b9985.dir/build.make CMakeFiles/cmTC_b9985.dir/build
make[1]: Entering directory '/home/user/QT_Nest/nlopt/CMakeFiles/CMakeTmp'
Building CXX object CMakeFiles/cmTC_b9985.dir/feature_tests.cxx.o
/usr/bin/c++    -std=c++14 -o CMakeFiles/cmTC_b9985.dir/feature_tests.cxx.o -c /home/user/QT_Nest/nlopt/CMakeFiles/feature_tests.cxx
Linking CXX executable cmTC_b9985
/usr/bin/cmake -E cmake_link_script CMakeFiles/cmTC_b9985.dir/link.txt --verbose=1
/usr/bin/c++       -rdynamic CMakeFiles/cmTC_b9985.dir/feature_tests.cxx.o  -o cmTC_b9985 
make[1]: Leaving directory '/home/user/QT_Nest/nlopt/CMakeFiles/CMakeTmp'


    Feature record: CXX_FEATURE:1cxx_aggregate_default_initializers
    Feature record: CXX_FEATURE:1cxx_alias_templates
    Feature record: CXX_FEATURE:1cxx_alignas
    Feature record: CXX_FEATURE:1cxx_alignof
    Feature record: CXX_FEATURE:1cxx_attributes
    Feature record: CXX_FEATURE:1cxx_attribute_deprecated
    Feature record: CXX_FEATURE:1cxx_auto_type
    Feature record: CXX_FEATURE:1cxx_binary_literals
    Feature record: CXX_FEATURE:1cxx_constexpr
    Feature record: CXX_FEATURE:1cxx_contextual_conversions
    Feature record: CXX_FEATURE:1cxx_decltype
    Feature record: CXX_FEATURE:1cxx_decltype_auto
    Feature record: CXX_FEATURE:1cxx_decltype_incomplete_return_types
    Feature record: CXX_FEATURE:1cxx_default_function_template_args
    Feature record: CXX_FEATURE:1cxx_defaulted_functions
    Feature record: CXX_FEATURE:1cxx_defaulted_move_initializers
    Feature record: CXX_FEATURE:1cxx_delegating_constructors
    Feature record: CXX_FEATURE:1cxx_deleted_functions
    Feature record: CXX_FEATURE:1cxx_digit_separators
    Feature record: CXX_FEATURE:1cxx_enum_forward_declarations
    Feature record: CXX_FEATURE:1cxx_explicit_conversions
    Feature record: CXX_FEATURE:1cxx_extended_friend_declarations
    Feature record: CXX_FEATURE:1cxx_extern_templates
    Feature record: CXX_FEATURE:1cxx_final
    Feature record: CXX_FEATURE:1cxx_func_identifier
    Feature record: CXX_FEATURE:1cxx_generalized_initializers
    Feature record: CXX_FEATURE:1cxx_generic_lambdas
    Feature record: CXX_FEATURE:1cxx_inheriting_constructors
    Feature record: CXX_FEATURE:1cxx_inline_namespaces
    Feature record: CXX_FEATURE:1cxx_lambdas
    Feature record: CXX_FEATURE:1cxx_lambda_init_captures
    Feature record: CXX_FEATURE:1cxx_local_type_template_args
    Feature record: CXX_FEATURE:1cxx_long_long_type
    Feature record: CXX_FEATURE:1cxx_noexcept
    Feature record: CXX_FEATURE:1cxx_nonstatic_member_init
    Feature record: CXX_FEATURE:1cxx_nullptr
    Feature record: CXX_FEATURE:1cxx_override
    Feature record: CXX_FEATURE:1cxx_range_for
    Feature record: CXX_FEATURE:1cxx_raw_string_literals
    Feature record: CXX_FEATURE:1cxx_reference_qualified_functions
    Feature record: CXX_FEATURE:1cxx_relaxed_constexpr
    Feature record: CXX_FEATURE:1cxx_return_type_deduction
    Feature record: CXX_FEATURE:1cxx_right_angle_brackets
    Feature record: CXX_FEATURE:1cxx_rvalue_references
    Feature record: CXX_FEATURE:1cxx_sizeof_member
    Feature record: CXX_FEATURE:1cxx_static_assert
    Feature record: CXX_FEATURE:1cxx_strong_enums
    Feature record: CXX_FEATURE:1cxx_template_template_parameters
    Feature record: CXX_FEATURE:1cxx_thread_local
    Feature record: CXX_FEATURE:1cxx_trailing_return_types
    Feature record: CXX_FEATURE:1cxx_unicode_literals
    Feature record: CXX_FEATURE:1cxx_uniform_initialization
    Feature record: CXX_FEATURE:1cxx_unrestricted_unions
    Feature record: CXX_FEATURE:1cxx_user_literals
    Feature record: CXX_FEATURE:1cxx_variable_templates
    Feature record: CXX_FEATURE:1cxx_variadic_macros
    Feature record: CXX_FEATURE:1cxx_variadic_templates


Detecting CXX [-std=c++11] compiler features compiled with the following output:
Change Dir: /home/user/QT_Nest/nlopt/CMakeFiles/CMakeTmp

Run Build Command:"/usr/bin/make" "cmTC_fc1ac/fast"
/usr/bin/make -f CMakeFiles/cmTC_fc1ac.dir/build.make CMakeFiles/cmTC_fc1ac.dir/build
make[1]: Entering directory '/home/user/QT_Nest/nlopt/CMakeFiles/CMakeTmp'
Building CXX object CMakeFiles/cmTC_fc1ac.dir/feature_tests.cxx.o
/usr/bin/c++    -std=c++11 -o CMakeFiles/cmTC_fc1ac.dir/feature_tests.cxx.o -c /home/user/QT_Nest/nlopt/CMakeFiles/feature_tests.cxx
Linking CXX executable cmTC_fc1ac
/usr/bin/cmake -E cmake_link_script CMakeFiles/cmTC_fc1ac.dir/link.txt --verbose=1
/usr/bin/c++       -rdynamic CMakeFiles/cmTC_fc1ac.dir/feature_tests.cxx.o  -o cmTC_fc1ac 
make[1]: Leaving directory '/home/user/QT_Nest/nlopt/CMakeFiles/CMakeTmp'


    Feature record: CXX_FEATURE:0cxx_aggregate_default_initializers
    Feature record: CXX_FEATURE:1cxx_alias_templates
    Feature record: CXX_FEATURE:1cxx_alignas
    Feature record: CXX_FEATURE:1cxx_alignof
    Feature record: CXX_FEATURE:1cxx_attributes
    Feature record: CXX_FEATURE:0cxx_attribute_deprecated
    Feature record: CXX_FEATURE:1cxx_auto_type
    Feature record: CXX_FEATURE:0cxx_binary_literals
    Feature record: CXX_FEATURE:1cxx_constexpr
    Feature record: CXX_FEATURE:0cxx_contextual_conversions
    Feature record: CXX_FEATURE:1cxx_decltype
    Feature record: CXX_FEATURE:0cxx_decltype_auto
    Feature record: CXX_FEATURE:1cxx_decltype_incomplete_return_types
    Feature record: CXX_FEATURE:1cxx_default_function_template_args
    Feature record: CXX_FEATURE:1cxx_defaulted_functions
    Feature record: CXX_FEATURE:1cxx_defaulted_move_initializers
    Feature record: CXX_FEATURE:1cxx_delegating_constructors
    Feature record: CXX_FEATURE:1cxx_deleted_functions
    Feature record: CXX_FEATURE:0cxx_digit_separators
    Feature record: CXX_FEATURE:1cxx_enum_forward_declarations
    Feature record: CXX_FEATURE:1cxx_explicit_conversions
    Feature record: CXX_FEATURE:1cxx_extended_friend_declarations
    Feature record: CXX_FEATURE:1cxx_extern_templates
    Feature record: CXX_FEATURE:1cxx_final
    Feature record: CXX_FEATURE:1cxx_func_identifier
    Feature record: CXX_FEATURE:1cxx_generalized_initializers
    Feature record: CXX_FEATURE:0cxx_generic_lambdas
    Feature record: CXX_FEATURE:1cxx_inheriting_constructors
    Feature record: CXX_FEATURE:1cxx_inline_namespaces
    Feature record: CXX_FEATURE:1cxx_lambdas
    Feature record: CXX_FEATURE:0cxx_lambda_init_captures
    Feature record: CXX_FEATURE:1cxx_local_type_template_args
    Feature record: CXX_FEATURE:1cxx_long_long_type
    Feature record: CXX_FEATURE:1cxx_noexcept
    Feature record: CXX_FEATURE:1cxx_nonstatic_member_init
    Feature record: CXX_FEATURE:1cxx_nullptr
    Feature record: CXX_FEATURE:1cxx_override
    Feature record: CXX_FEATURE:1cxx_range_for
    Feature record: CXX_FEATURE:1cxx_raw_string_literals
    Feature record: CXX_FEATURE:1cxx_reference_qualified_functions
    Feature record: CXX_FEATURE:0cxx_relaxed_constexpr
    Feature record: CXX_FEATURE:0cxx_return_type_deduction
    Feature record: CXX_FEATURE:1cxx_right_angle_brackets
    Feature record: CXX_FEATURE:1cxx_rvalue_references
    Feature record: CXX_FEATURE:1cxx_sizeof_member
    Feature record: CXX_FEATURE:1cxx_static_assert
    Feature record: CXX_FEATURE:1cxx_strong_enums
    Feature record: CXX_FEATURE:1cxx_template_template_parameters
    Feature record: CXX_FEATURE:1cxx_thread_local
    Feature record: CXX_FEATURE:1cxx_trailing_return_types
    Feature record: CXX_FEATURE:1cxx_unicode_literals
    Feature record: CXX_FEATURE:1cxx_uniform_initialization
    Feature record: CXX_FEATURE:1cxx_unrestricted_unions
    Feature record: CXX_FEATURE:1cxx_user_literals
    Feature record: CXX_FEATURE:0cxx_variable_templates
    Feature record: CXX_FEATURE:1cxx_variadic_macros
    Feature record: CXX_FEATURE:1cxx_variadic_templates


Detecting CXX [-std=c++98] compiler features compiled with the following output:
Change Dir: /home/user/QT_Nest/nlopt/CMakeFiles/CMakeTmp

Run Build Command:"/usr/bin/make" "cmTC_16b8e/fast"
/usr/bin/make -f CMakeFiles/cmTC_16b8e.dir/build.make CMakeFiles/cmTC_16b8e.dir/build
make[1]: Entering directory '/home/user/QT_Nest/nlopt/CMakeFiles/CMakeTmp'
Building CXX object CMakeFiles/cmTC_16b8e.dir/feature_tests.cxx.o
/usr/bin/c++    -std=c++98 -o CMakeFiles/cmTC_16b8e.dir/feature_tests.cxx.o -c /home/user/QT_Nest/nlopt/CMakeFiles/feature_tests.cxx
Linking CXX executable cmTC_16b8e
/usr/bin/cmake -E cmake_link_script CMakeFiles/cmTC_16b8e.dir/link.txt --verbose=1
/usr/bin/c++       -rdynamic CMakeFiles/cmTC_16b8e.dir/feature_tests.cxx.o  -o cmTC_16b8e 
make[1]: Leaving directory '/home/user/QT_Nest/nlopt/CMakeFiles/CMakeTmp'


    Feature record: CXX_FEATURE:0cxx_aggregate_default_initializers
    Feature record: CXX_FEATURE:0cxx_alias_templates
    Feature record: CXX_FEATURE:0cxx_alignas
    Feature record: CXX_FEATURE:0cxx_alignof
    Feature record: CXX_FEATURE:0cxx_attributes
    Feature record: CXX_FEATURE:0cxx_attribute_deprecated
    Feature record: CXX_FEATURE:0cxx_auto_type
    Feature record: CXX_FEATURE:0cxx_binary_literals
    Feature record: CXX_FEATURE:0cxx_constexpr
    Feature record: CXX_FEATURE:0cxx_contextual_conversions
    Feature record: CXX_FEATURE:0cxx_decltype
    Feature record: CXX_FEATURE:0cxx_decltype_auto
    Feature record: CXX_FEATURE:0cxx_decltype_incomplete_return_types
    Feature record: CXX_FEATURE:0cxx_default_function_template_args
    Feature record: CXX_FEATURE:0cxx_defaulted_functions
    Feature record: CXX_FEATURE:0cxx_defaulted_move_initializers
    Feature record: CXX_FEATURE:0cxx_delegating_constructors
    Feature record: CXX_FEATURE:0cxx_deleted_functions
    Feature record: CXX_FEATURE:0cxx_digit_separators
    Feature record: CXX_FEATURE:0cxx_enum_forward_declarations
    Feature record: CXX_FEATURE:0cxx_explicit_conversions
    Feature record: CXX_FEATURE:0cxx_extended_friend_declarations
    Feature record: CXX_FEATURE:0cxx_extern_templates
    Feature record: CXX_FEATURE:0cxx_final
    Feature record: CXX_FEATURE:0cxx_func_identifier
    Feature record: CXX_FEATURE:0cxx_generalized_initializers
    Feature record: CXX_FEATURE:0cxx_generic_lambdas
    Feature record: CXX_FEATURE:0cxx_inheriting_constructors
    Feature record: CXX_FEATURE:0cxx_inline_namespaces
    Feature record: CXX_FEATURE:0cxx_lambdas
    Feature record: CXX_FEATURE:0cxx_lambda_init_captures
    Feature record: CXX_FEATURE:0cxx_local_type_template_args
    Feature record: CXX_FEATURE:0cxx_long_long_type
    Feature record: CXX_FEATURE:0cxx_noexcept
    Feature record: CXX_FEATURE:0cxx_nonstatic_member_init
    Feature record: CXX_FEATURE:0cxx_nullptr
    Feature record: CXX_FEATURE:0cxx_override
    Feature record: CXX_FEATURE:0cxx_range_for
    Feature record: CXX_FEATURE:0cxx_raw_string_literals
    Feature record: CXX_FEATURE:0cxx_reference_qualified_functions
    Feature record: CXX_FEATURE:0cxx_relaxed_constexpr
    Feature record: CXX_FEATURE:0cxx_return_type_deduction
    Feature record: CXX_FEATURE:0cxx_right_angle_brackets
    Feature record: CXX_FEATURE:0cxx_rvalue_references
    Feature record: CXX_FEATURE:0cxx_sizeof_member
    Feature record: CXX_FEATURE:0cxx_static_assert
    Feature record: CXX_FEATURE:0cxx_strong_enums
    Feature record: CXX_FEATURE:1cxx_template_template_parameters
    Feature record: CXX_FEATURE:0cxx_thread_local
    Feature record: CXX_FEATURE:0cxx_trailing_return_types
    Feature record: CXX_FEATURE:0cxx_unicode_literals
    Feature record: CXX_FEATURE:0cxx_uniform_initialization
    Feature record: CXX_FEATURE:0cxx_unrestricted_unions
    Feature record: CXX_FEATURE:0cxx_user_literals
    Feature record: CXX_FEATURE:0cxx_variable_templates
    Feature record: CXX_FEATURE:0cxx_variadic_macros
    Feature record: CXX_FEATURE:0cxx_variadic_templates
Determining if the include file dlfcn.h exists passed with the following output:
Change Dir: /home/user/QT_Nest/nlopt/CMakeFiles/CMakeTmp

Run Build Command:"/usr/bin/make" "cmTC_9ff00/fast"
/usr/bin/make -f CMakeFiles/cmTC_9ff00.dir/build.make CMakeFiles/cmTC_9ff00.dir/build
make[1]: Entering directory '/home/user/QT_Nest/nlopt/CMakeFiles/CMakeTmp'
Building C object CMakeFiles/cmTC_9ff00.dir/CheckIncludeFile.c.o
/usr/bin/cc    -o CMakeFiles/cmTC_9ff00.dir/CheckIncludeFile.c.o   -c /home/user/QT_Nest/nlopt/CMakeFiles/CMakeTmp/CheckIncludeFile.c
Linking C executable cmTC_9ff00
/usr/bin/cmake -E cmake_link_script CMakeFiles/cmTC_9ff00.dir/link.txt --verbose=1
/usr/bin/cc      -rdynamic CMakeFiles/cmTC_9ff00.dir/CheckIncludeFile.c.o  -o cmTC_9ff00 
make[1]: Leaving directory '/home/user/QT_Nest/nlopt/CMakeFiles/CMakeTmp'


Determining if the include file getopt.h exists passed with the following output:
Change Dir: /home/user/QT_Nest/nlopt/CMakeFiles/CMakeTmp

Run Build Command:"/usr/bin/make" "cmTC_e56aa/fast"
/usr/bin/make -f CMakeFiles/cmTC_e56aa.dir/build.make CMakeFiles/cmTC_e56aa.dir/build
make[1]: Entering directory '/home/user/QT_Nest/nlopt/CMakeFiles/CMakeTmp'
Building C object CMakeFiles/cmTC_e56aa.dir/CheckIncludeFile.c.o
/usr/bin/cc    -o CMakeFiles/cmTC_e56aa.dir/CheckIncludeFile.c.o   -c /home/user/QT_Nest/nlopt/CMakeFiles/CMakeTmp/CheckIncludeFile.c
Linking C executable cmTC_e56aa
/usr/bin/cmake -E cmake_link_script CMakeFiles/cmTC_e56aa.dir/link.txt --verbose=1
/usr/bin/cc      -rdynamic CMakeFiles/cmTC_e56aa.dir/CheckIncludeFile.c.o  -o cmTC_e56aa 
make[1]: Leaving directory '/home/user/QT_Nest/nlopt/CMakeFiles/CMakeTmp'


Determining if the include file unistd.h exists passed with the following output:
Change Dir: /home/user/QT_Nest/nlopt/CMakeFiles/CMakeTmp

Run Build Command:"/usr/bin/make" "cmTC_998e7/fast"
/usr/bin/make -f CMakeFiles/cmTC_998e7.dir/build.make CMakeFiles/cmTC_998e7.dir/build
make[1]: Entering directory '/home/user/QT_Nest/nlopt/CMakeFiles/CMakeTmp'
Building C object CMakeFiles/cmTC_998e7.dir/CheckIncludeFile.c.o
/usr/bin/cc    -o CMakeFiles/cmTC_998e7.dir/CheckIncludeFile.c.o   -c /home/user/QT_Nest/nlopt/CMakeFiles/CMakeTmp/CheckIncludeFile.c
Linking C executable cmTC_998e7
/usr/bin/cmake -E cmake_link_script CMakeFiles/cmTC_998e7.dir/link.txt --verbose=1
/usr/bin/cc      -rdynamic CMakeFiles/cmTC_998e7.dir/CheckIncludeFile.c.o  -o cmTC_998e7 
make[1]: Leaving directory '/home/user/QT_Nest/nlopt/CMakeFiles/CMakeTmp'


Determining if the include file string.h exists passed with the following output:
Change Dir: /home/user/QT_Nest/nlopt/CMakeFiles/CMakeTmp

Run Build Command:"/usr/bin/make" "cmTC_cf292/fast"
/usr/bin/make -f CMakeFiles/cmTC_cf292.dir/build.make CMakeFiles/cmTC_cf292.dir/build
make[1]: Entering directory '/home/user/QT_Nest/nlopt/CMakeFiles/CMakeTmp'
Building C object CMakeFiles/cmTC_cf292.dir/CheckIncludeFile.c.o
/usr/bin/cc    -o CMakeFiles/cmTC_cf292.dir/CheckIncludeFile.c.o   -c /home/user/QT_Nest/nlopt/CMakeFiles/CMakeTmp/CheckIncludeFile.c
Linking C executable cmTC_cf292
/usr/bin/cmake -E cmake_link_script CMakeFiles/cmTC_cf292.dir/link.txt --verbose=1
/usr/bin/cc      -rdynamic CMakeFiles/cmTC_cf292.dir/CheckIncludeFile.c.o  -o cmTC_cf292 
make[1]: Leaving directory '/home/user/QT_Nest/nlopt/CMakeFiles/CMakeTmp'


Determining if the include file strings.h exists passed with the following output:
Change Dir: /home/user/QT_Nest/nlopt/CMakeFiles/CMakeTmp

Run Build Command:"/usr/bin/make" "cmTC_28224/fast"
/usr/bin/make -f CMakeFiles/cmTC_28224.dir/build.make CMakeFiles/cmTC_28224.dir/build
make[1]: Entering directory '/home/user/QT_Nest/nlopt/CMakeFiles/CMakeTmp'
Building C object CMakeFiles/cmTC_28224.dir/CheckIncludeFile.c.o
/usr/bin/cc    -o CMakeFiles/cmTC_28224.dir/CheckIncludeFile.c.o   -c /home/user/QT_Nest/nlopt/CMakeFiles/CMakeTmp/CheckIncludeFile.c
Linking C executable cmTC_28224
/usr/bin/cmake -E cmake_link_script CMakeFiles/cmTC_28224.dir/link.txt --verbose=1
/usr/bin/cc      -rdynamic CMakeFiles/cmTC_28224.dir/CheckIncludeFile.c.o  -o cmTC_28224 
make[1]: Leaving directory '/home/user/QT_Nest/nlopt/CMakeFiles/CMakeTmp'


Determining if the include file inttypes.h exists passed with the following output:
Change Dir: /home/user/QT_Nest/nlopt/CMakeFiles/CMakeTmp

Run Build Command:"/usr/bin/make" "cmTC_7e42d/fast"
/usr/bin/make -f CMakeFiles/cmTC_7e42d.dir/build.make CMakeFiles/cmTC_7e42d.dir/build
make[1]: Entering directory '/home/user/QT_Nest/nlopt/CMakeFiles/CMakeTmp'
Building C object CMakeFiles/cmTC_7e42d.dir/CheckIncludeFile.c.o
/usr/bin/cc    -o CMakeFiles/cmTC_7e42d.dir/CheckIncludeFile.c.o   -c /home/user/QT_Nest/nlopt/CMakeFiles/CMakeTmp/CheckIncludeFile.c
Linking C executable cmTC_7e42d
/usr/bin/cmake -E cmake_link_script CMakeFiles/cmTC_7e42d.dir/link.txt --verbose=1
/usr/bin/cc      -rdynamic CMakeFiles/cmTC_7e42d.dir/CheckIncludeFile.c.o  -o cmTC_7e42d 
make[1]: Leaving directory '/home/user/QT_Nest/nlopt/CMakeFiles/CMakeTmp'


Determining if the include file memory.h exists passed with the following output:
Change Dir: /home/user/QT_Nest/nlopt/CMakeFiles/CMakeTmp

Run Build Command:"/usr/bin/make" "cmTC_6607e/fast"
/usr/bin/make -f CMakeFiles/cmTC_6607e.dir/build.make CMakeFiles/cmTC_6607e.dir/build
make[1]: Entering directory '/home/user/QT_Nest/nlopt/CMakeFiles/CMakeTmp'
Building C object CMakeFiles/cmTC_6607e.dir/CheckIncludeFile.c.o
/usr/bin/cc    -o CMakeFiles/cmTC_6607e.dir/CheckIncludeFile.c.o   -c /home/user/QT_Nest/nlopt/CMakeFiles/CMakeTmp/CheckIncludeFile.c
Linking C executable cmTC_6607e
/usr/bin/cmake -E cmake_link_script CMakeFiles/cmTC_6607e.dir/link.txt --verbose=1
/usr/bin/cc      -rdynamic CMakeFiles/cmTC_6607e.dir/CheckIncludeFile.c.o  -o cmTC_6607e 
make[1]: Leaving directory '/home/user/QT_Nest/nlopt/CMakeFiles/CMakeTmp'


Determining if the include file stdlib.h exists passed with the following output:
Change Dir: /home/user/QT_Nest/nlopt/CMakeFiles/CMakeTmp

Run Build Command:"/usr/bin/make" "cmTC_e8d62/fast"
/usr/bin/make -f CMakeFiles/cmTC_e8d62.dir/build.make CMakeFiles/cmTC_e8d62.dir/build
make[1]: Entering directory '/home/user/QT_Nest/nlopt/CMakeFiles/CMakeTmp'
Building C object CMakeFiles/cmTC_e8d62.dir/CheckIncludeFile.c.o
/usr/bin/cc    -o CMakeFiles/cmTC_e8d62.dir/CheckIncludeFile.c.o   -c /home/user/QT_Nest/nlopt/CMakeFiles/CMakeTmp/CheckIncludeFile.c
Linking C executable cmTC_e8d62
/usr/bin/cmake -E cmake_link_script CMakeFiles/cmTC_e8d62.dir/link.txt --verbose=1
/usr/bin/cc      -rdynamic CMakeFiles/cmTC_e8d62.dir/CheckIncludeFile.c.o  -o cmTC_e8d62 
make[1]: Leaving directory '/home/user/QT_Nest/nlopt/CMakeFiles/CMakeTmp'


Determining if the include file stdint.h exists passed with the following output:
Change Dir: /home/user/QT_Nest/nlopt/CMakeFiles/CMakeTmp

Run Build Command:"/usr/bin/make" "cmTC_64551/fast"
/usr/bin/make -f CMakeFiles/cmTC_64551.dir/build.make CMakeFiles/cmTC_64551.dir/build
make[1]: Entering directory '/home/user/QT_Nest/nlopt/CMakeFiles/CMakeTmp'
Building C object CMakeFiles/cmTC_64551.dir/CheckIncludeFile.c.o
/usr/bin/cc    -o CMakeFiles/cmTC_64551.dir/CheckIncludeFile.c.o   -c /home/user/QT_Nest/nlopt/CMakeFiles/CMakeTmp/CheckIncludeFile.c
Linking C executable cmTC_64551
/usr/bin/cmake -E cmake_link_script CMakeFiles/cmTC_64551.dir/link.txt --verbose=1
/usr/bin/cc      -rdynamic CMakeFiles/cmTC_64551.dir/CheckIncludeFile.c.o  -o cmTC_64551 
make[1]: Leaving directory '/home/user/QT_Nest/nlopt/CMakeFiles/CMakeTmp'


Determining if the include file time.h exists passed with the following output:
Change Dir: /home/user/QT_Nest/nlopt/CMakeFiles/CMakeTmp

Run Build Command:"/usr/bin/make" "cmTC_a75d8/fast"
/usr/bin/make -f CMakeFiles/cmTC_a75d8.dir/build.make CMakeFiles/cmTC_a75d8.dir/build
make[1]: Entering directory '/home/user/QT_Nest/nlopt/CMakeFiles/CMakeTmp'
Building C object CMakeFiles/cmTC_a75d8.dir/CheckIncludeFile.c.o
/usr/bin/cc    -o CMakeFiles/cmTC_a75d8.dir/CheckIncludeFile.c.o   -c /home/user/QT_Nest/nlopt/CMakeFiles/CMakeTmp/CheckIncludeFile.c
Linking C executable cmTC_a75d8
/usr/bin/cmake -E cmake_link_script CMakeFiles/cmTC_a75d8.dir/link.txt --verbose=1
/usr/bin/cc      -rdynamic CMakeFiles/cmTC_a75d8.dir/CheckIncludeFile.c.o  -o cmTC_a75d8 
make[1]: Leaving directory '/home/user/QT_Nest/nlopt/CMakeFiles/CMakeTmp'


Determining if the include file sys/types.h exists passed with the following output:
Change Dir: /home/user/QT_Nest/nlopt/CMakeFiles/CMakeTmp

Run Build Command:"/usr/bin/make" "cmTC_1ff5c/fast"
/usr/bin/make -f CMakeFiles/cmTC_1ff5c.dir/build.make CMakeFiles/cmTC_1ff5c.dir/build
make[1]: Entering directory '/home/user/QT_Nest/nlopt/CMakeFiles/CMakeTmp'
Building C object CMakeFiles/cmTC_1ff5c.dir/CheckIncludeFile.c.o
/usr/bin/cc    -o CMakeFiles/cmTC_1ff5c.dir/CheckIncludeFile.c.o   -c /home/user/QT_Nest/nlopt/CMakeFiles/CMakeTmp/CheckIncludeFile.c
Linking C executable cmTC_1ff5c
/usr/bin/cmake -E cmake_link_script CMakeFiles/cmTC_1ff5c.dir/link.txt --verbose=1
/usr/bin/cc      -rdynamic CMakeFiles/cmTC_1ff5c.dir/CheckIncludeFile.c.o  -o cmTC_1ff5c 
make[1]: Leaving directory '/home/user/QT_Nest/nlopt/CMakeFiles/CMakeTmp'


Determining if the include file sys/stat.h exists passed with the following output:
Change Dir: /home/user/QT_Nest/nlopt/CMakeFiles/CMakeTmp

Run Build Command:"/usr/bin/make" "cmTC_54115/fast"
/usr/bin/make -f CMakeFiles/cmTC_54115.dir/build.make CMakeFiles/cmTC_54115.dir/build
make[1]: Entering directory '/home/user/QT_Nest/nlopt/CMakeFiles/CMakeTmp'
Building C object CMakeFiles/cmTC_54115.dir/CheckIncludeFile.c.o
/usr/bin/cc    -o CMakeFiles/cmTC_54115.dir/CheckIncludeFile.c.o   -c /home/user/QT_Nest/nlopt/CMakeFiles/CMakeTmp/CheckIncludeFile.c
Linking C executable cmTC_54115
/usr/bin/cmake -E cmake_link_script CMakeFiles/cmTC_54115.dir/link.txt --verbose=1
/usr/bin/cc      -rdynamic CMakeFiles/cmTC_54115.dir/CheckIncludeFile.c.o  -o cmTC_54115 
make[1]: Leaving directory '/home/user/QT_Nest/nlopt/CMakeFiles/CMakeTmp'


Determining if the include file sys/time.h exists passed with the following output:
Change Dir: /home/user/QT_Nest/nlopt/CMakeFiles/CMakeTmp

Run Build Command:"/usr/bin/make" "cmTC_66e1f/fast"
/usr/bin/make -f CMakeFiles/cmTC_66e1f.dir/build.make CMakeFiles/cmTC_66e1f.dir/build
make[1]: Entering directory '/home/user/QT_Nest/nlopt/CMakeFiles/CMakeTmp'
Building C object CMakeFiles/cmTC_66e1f.dir/CheckIncludeFile.c.o
/usr/bin/cc    -o CMakeFiles/cmTC_66e1f.dir/CheckIncludeFile.c.o   -c /home/user/QT_Nest/nlopt/CMakeFiles/CMakeTmp/CheckIncludeFile.c
Linking C executable cmTC_66e1f
/usr/bin/cmake -E cmake_link_script CMakeFiles/cmTC_66e1f.dir/link.txt --verbose=1
/usr/bin/cc      -rdynamic CMakeFiles/cmTC_66e1f.dir/CheckIncludeFile.c.o  -o cmTC_66e1f 
make[1]: Leaving directory '/home/user/QT_Nest/nlopt/CMakeFiles/CMakeTmp'


Determining if the function getpid exists passed with the following output:
Change Dir: /home/user/QT_Nest/nlopt/CMakeFiles/CMakeTmp

Run Build Command:"/usr/bin/make" "cmTC_aa8fa/fast"
/usr/bin/make -f CMakeFiles/cmTC_aa8fa.dir/build.make CMakeFiles/cmTC_aa8fa.dir/build
make[1]: Entering directory '/home/user/QT_Nest/nlopt/CMakeFiles/CMakeTmp'
Building C object CMakeFiles/cmTC_aa8fa.dir/CheckFunctionExists.c.o
/usr/bin/cc   -DCHECK_FUNCTION_EXISTS=getpid   -o CMakeFiles/cmTC_aa8fa.dir/CheckFunctionExists.c.o   -c /usr/share/cmake-3.13/Modules/CheckFunctionExists.c
Linking C executable cmTC_aa8fa
/usr/bin/cmake -E cmake_link_script CMakeFiles/cmTC_aa8fa.dir/link.txt --verbose=1
/usr/bin/cc  -DCHECK_FUNCTION_EXISTS=getpid    -rdynamic CMakeFiles/cmTC_aa8fa.dir/CheckFunctionExists.c.o  -o cmTC_aa8fa 
make[1]: Leaving directory '/home/user/QT_Nest/nlopt/CMakeFiles/CMakeTmp'


Determining if the function syscall exists passed with the following output:
Change Dir: /home/user/QT_Nest/nlopt/CMakeFiles/CMakeTmp

Run Build Command:"/usr/bin/make" "cmTC_85953/fast"
/usr/bin/make -f CMakeFiles/cmTC_85953.dir/build.make CMakeFiles/cmTC_85953.dir/build
make[1]: Entering directory '/home/user/QT_Nest/nlopt/CMakeFiles/CMakeTmp'
Building C object CMakeFiles/cmTC_85953.dir/CheckFunctionExists.c.o
/usr/bin/cc   -DCHECK_FUNCTION_EXISTS=syscall   -o CMakeFiles/cmTC_85953.dir/CheckFunctionExists.c.o   -c /usr/share/cmake-3.13/Modules/CheckFunctionExists.c
Linking C executable cmTC_85953
/usr/bin/cmake -E cmake_link_script CMakeFiles/cmTC_85953.dir/link.txt --verbose=1
/usr/bin/cc  -DCHECK_FUNCTION_EXISTS=syscall    -rdynamic CMakeFiles/cmTC_85953.dir/CheckFunctionExists.c.o  -o cmTC_85953 
make[1]: Leaving directory '/home/user/QT_Nest/nlopt/CMakeFiles/CMakeTmp'


Determining if the function isinf exists passed with the following output:
Change Dir: /home/user/QT_Nest/nlopt/CMakeFiles/CMakeTmp

Run Build Command:"/usr/bin/make" "cmTC_9c5a7/fast"
/usr/bin/make -f CMakeFiles/cmTC_9c5a7.dir/build.make CMakeFiles/cmTC_9c5a7.dir/build
make[1]: Entering directory '/home/user/QT_Nest/nlopt/CMakeFiles/CMakeTmp'
Building C object CMakeFiles/cmTC_9c5a7.dir/CheckFunctionExists.c.o
/usr/bin/cc   -DCHECK_FUNCTION_EXISTS=isinf   -o CMakeFiles/cmTC_9c5a7.dir/CheckFunctionExists.c.o   -c /usr/share/cmake-3.13/Modules/CheckFunctionExists.c
<command-line>: warning: conflicting types for built-in function isinf [-Wbuiltin-declaration-mismatch]
/usr/share/cmake-3.13/Modules/CheckFunctionExists.c:7:3: note: in expansion of macro CHECK_FUNCTION_EXISTS
   CHECK_FUNCTION_EXISTS(void);
   ^~~~~~~~~~~~~~~~~~~~~
Linking C executable cmTC_9c5a7
/usr/bin/cmake -E cmake_link_script CMakeFiles/cmTC_9c5a7.dir/link.txt --verbose=1
/usr/bin/cc  -DCHECK_FUNCTION_EXISTS=isinf    -rdynamic CMakeFiles/cmTC_9c5a7.dir/CheckFunctionExists.c.o  -o cmTC_9c5a7 
make[1]: Leaving directory '/home/user/QT_Nest/nlopt/CMakeFiles/CMakeTmp'


Determining if the function isnan exists passed with the following output:
Change Dir: /home/user/QT_Nest/nlopt/CMakeFiles/CMakeTmp

Run Build Command:"/usr/bin/make" "cmTC_73912/fast"
/usr/bin/make -f CMakeFiles/cmTC_73912.dir/build.make CMakeFiles/cmTC_73912.dir/build
make[1]: Entering directory '/home/user/QT_Nest/nlopt/CMakeFiles/CMakeTmp'
Building C object CMakeFiles/cmTC_73912.dir/CheckFunctionExists.c.o
/usr/bin/cc   -DCHECK_FUNCTION_EXISTS=isnan   -o CMakeFiles/cmTC_73912.dir/CheckFunctionExists.c.o   -c /usr/share/cmake-3.13/Modules/CheckFunctionExists.c
<command-line>: warning: conflicting types for built-in function isnan [-Wbuiltin-declaration-mismatch]
/usr/share/cmake-3.13/Modules/CheckFunctionExists.c:7:3: note: in expansion of macro CHECK_FUNCTION_EXISTS
   CHECK_FUNCTION_EXISTS(void);
   ^~~~~~~~~~~~~~~~~~~~~
Linking C executable cmTC_73912
/usr/bin/cmake -E cmake_link_script CMakeFiles/cmTC_73912.dir/link.txt --verbose=1
/usr/bin/cc  -DCHECK_FUNCTION_EXISTS=isnan    -rdynamic CMakeFiles/cmTC_73912.dir/CheckFunctionExists.c.o  -o cmTC_73912 
make[1]: Leaving directory '/home/user/QT_Nest/nlopt/CMakeFiles/CMakeTmp'


Determining if the function gettimeofday exists passed with the following output:
Change Dir: /home/user/QT_Nest/nlopt/CMakeFiles/CMakeTmp

Run Build Command:"/usr/bin/make" "cmTC_7fe71/fast"
/usr/bin/make -f CMakeFiles/cmTC_7fe71.dir/build.make CMakeFiles/cmTC_7fe71.dir/build
make[1]: Entering directory '/home/user/QT_Nest/nlopt/CMakeFiles/CMakeTmp'
Building C object CMakeFiles/cmTC_7fe71.dir/CheckFunctionExists.c.o
/usr/bin/cc   -DCHECK_FUNCTION_EXISTS=gettimeofday   -o CMakeFiles/cmTC_7fe71.dir/CheckFunctionExists.c.o   -c /usr/share/cmake-3.13/Modules/CheckFunctionExists.c
Linking C executable cmTC_7fe71
/usr/bin/cmake -E cmake_link_script CMakeFiles/cmTC_7fe71.dir/link.txt --verbose=1
/usr/bin/cc  -DCHECK_FUNCTION_EXISTS=gettimeofday    -rdynamic CMakeFiles/cmTC_7fe71.dir/CheckFunctionExists.c.o  -o cmTC_7fe71 
make[1]: Leaving directory '/home/user/QT_Nest/nlopt/CMakeFiles/CMakeTmp'


Determining if the function qsort_r exists passed with the following output:
Change Dir: /home/user/QT_Nest/nlopt/CMakeFiles/CMakeTmp

Run Build Command:"/usr/bin/make" "cmTC_c3501/fast"
/usr/bin/make -f CMakeFiles/cmTC_c3501.dir/build.make CMakeFiles/cmTC_c3501.dir/build
make[1]: Entering directory '/home/user/QT_Nest/nlopt/CMakeFiles/CMakeTmp'
Building C object CMakeFiles/cmTC_c3501.dir/CheckFunctionExists.c.o
/usr/bin/cc   -DCHECK_FUNCTION_EXISTS=qsort_r   -o CMakeFiles/cmTC_c3501.dir/CheckFunctionExists.c.o   -c /usr/share/cmake-3.13/Modules/CheckFunctionExists.c
Linking C executable cmTC_c3501
/usr/bin/cmake -E cmake_link_script CMakeFiles/cmTC_c3501.dir/link.txt --verbose=1
/usr/bin/cc  -DCHECK_FUNCTION_EXISTS=qsort_r    -rdynamic CMakeFiles/cmTC_c3501.dir/CheckFunctionExists.c.o  -o cmTC_c3501 
make[1]: Leaving directory '/home/user/QT_Nest/nlopt/CMakeFiles/CMakeTmp'


Determining if the function time exists passed with the following output:
Change Dir: /home/user/QT_Nest/nlopt/CMakeFiles/CMakeTmp

Run Build Command:"/usr/bin/make" "cmTC_83bb4/fast"
/usr/bin/make -f CMakeFiles/cmTC_83bb4.dir/build.make CMakeFiles/cmTC_83bb4.dir/build
make[1]: Entering directory '/home/user/QT_Nest/nlopt/CMakeFiles/CMakeTmp'
Building C object CMakeFiles/cmTC_83bb4.dir/CheckFunctionExists.c.o
/usr/bin/cc   -DCHECK_FUNCTION_EXISTS=time   -o CMakeFiles/cmTC_83bb4.dir/CheckFunctionExists.c.o   -c /usr/share/cmake-3.13/Modules/CheckFunctionExists.c
Linking C executable cmTC_83bb4
/usr/bin/cmake -E cmake_link_script CMakeFiles/cmTC_83bb4.dir/link.txt --verbose=1
/usr/bin/cc  -DCHECK_FUNCTION_EXISTS=time    -rdynamic CMakeFiles/cmTC_83bb4.dir/CheckFunctionExists.c.o  -o cmTC_83bb4 
make[1]: Leaving directory '/home/user/QT_Nest/nlopt/CMakeFiles/CMakeTmp'


Determining if the function copysign exists passed with the following output:
Change Dir: /home/user/QT_Nest/nlopt/CMakeFiles/CMakeTmp

Run Build Command:"/usr/bin/make" "cmTC_1b8f1/fast"
/usr/bin/make -f CMakeFiles/cmTC_1b8f1.dir/build.make CMakeFiles/cmTC_1b8f1.dir/build
make[1]: Entering directory '/home/user/QT_Nest/nlopt/CMakeFiles/CMakeTmp'
Building C object CMakeFiles/cmTC_1b8f1.dir/CheckFunctionExists.c.o
/usr/bin/cc   -DCHECK_FUNCTION_EXISTS=copysign   -o CMakeFiles/cmTC_1b8f1.dir/CheckFunctionExists.c.o   -c /usr/share/cmake-3.13/Modules/CheckFunctionExists.c
<command-line>: warning: conflicting types for built-in function copysign [-Wbuiltin-declaration-mismatch]
/usr/share/cmake-3.13/Modules/CheckFunctionExists.c:7:3: note: in expansion of macro CHECK_FUNCTION_EXISTS
   CHECK_FUNCTION_EXISTS(void);
   ^~~~~~~~~~~~~~~~~~~~~
Linking C executable cmTC_1b8f1
/usr/bin/cmake -E cmake_link_script CMakeFiles/cmTC_1b8f1.dir/link.txt --verbose=1
/usr/bin/cc  -DCHECK_FUNCTION_EXISTS=copysign    -rdynamic CMakeFiles/cmTC_1b8f1.dir/CheckFunctionExists.c.o  -o cmTC_1b8f1 
make[1]: Leaving directory '/home/user/QT_Nest/nlopt/CMakeFiles/CMakeTmp'


Determining if the include file stddef.h exists passed with the following output:
Change Dir: /home/user/QT_Nest/nlopt/CMakeFiles/CMakeTmp

Run Build Command:"/usr/bin/make" "cmTC_91a6d/fast"
/usr/bin/make -f CMakeFiles/cmTC_91a6d.dir/build.make CMakeFiles/cmTC_91a6d.dir/build
make[1]: Entering directory '/home/user/QT_Nest/nlopt/CMakeFiles/CMakeTmp'
Building C object CMakeFiles/cmTC_91a6d.dir/CheckIncludeFile.c.o
/usr/bin/cc    -o CMakeFiles/cmTC_91a6d.dir/CheckIncludeFile.c.o   -c /home/user/QT_Nest/nlopt/CMakeFiles/CMakeTmp/CheckIncludeFile.c
Linking C executable cmTC_91a6d
/usr/bin/cmake -E cmake_link_script CMakeFiles/cmTC_91a6d.dir/link.txt --verbose=1
/usr/bin/cc      -rdynamic CMakeFiles/cmTC_91a6d.dir/CheckIncludeFile.c.o  -o cmTC_91a6d 
make[1]: Leaving directory '/home/user/QT_Nest/nlopt/CMakeFiles/CMakeTmp'


Determining size of uint32_t passed with the following output:
Change Dir: /home/user/QT_Nest/nlopt/CMakeFiles/CMakeTmp

Run Build Command:"/usr/bin/make" "cmTC_f5f9f/fast"
/usr/bin/make -f CMakeFiles/cmTC_f5f9f.dir/build.make CMakeFiles/cmTC_f5f9f.dir/build
make[1]: Entering directory '/home/user/QT_Nest/nlopt/CMakeFiles/CMakeTmp'
Building C object CMakeFiles/cmTC_f5f9f.dir/SIZEOF_UINT32_T.c.o
/usr/bin/cc    -o CMakeFiles/cmTC_f5f9f.dir/SIZEOF_UINT32_T.c.o   -c /home/user/QT_Nest/nlopt/CMakeFiles/CheckTypeSize/SIZEOF_UINT32_T.c
Linking C executable cmTC_f5f9f
/usr/bin/cmake -E cmake_link_script CMakeFiles/cmTC_f5f9f.dir/link.txt --verbose=1
/usr/bin/cc      -rdynamic CMakeFiles/cmTC_f5f9f.dir/SIZEOF_UINT32_T.c.o  -o cmTC_f5f9f 
make[1]: Leaving directory '/home/user/QT_Nest/nlopt/CMakeFiles/CMakeTmp'


Determining size of unsigned int passed with the following output:
Change Dir: /home/user/QT_Nest/nlopt/CMakeFiles/CMakeTmp

Run Build Command:"/usr/bin/make" "cmTC_5f1db/fast"
/usr/bin/make -f CMakeFiles/cmTC_5f1db.dir/build.make CMakeFiles/cmTC_5f1db.dir/build
make[1]: Entering directory '/home/user/QT_Nest/nlopt/CMakeFiles/CMakeTmp'
Building C object CMakeFiles/cmTC_5f1db.dir/SIZEOF_UNSIGNED_INT.c.o
/usr/bin/cc    -o CMakeFiles/cmTC_5f1db.dir/SIZEOF_UNSIGNED_INT.c.o   -c /home/user/QT_Nest/nlopt/CMakeFiles/CheckTypeSize/SIZEOF_UNSIGNED_INT.c
Linking C executable cmTC_5f1db
/usr/bin/cmake -E cmake_link_script CMakeFiles/cmTC_5f1db.dir/link.txt --verbose=1
/usr/bin/cc      -rdynamic CMakeFiles/cmTC_5f1db.dir/SIZEOF_UNSIGNED_INT.c.o  -o cmTC_5f1db 
make[1]: Leaving directory '/home/user/QT_Nest/nlopt/CMakeFiles/CMakeTmp'


Determining size of unsigned long passed with the following output:
Change Dir: /home/user/QT_Nest/nlopt/CMakeFiles/CMakeTmp

Run Build Command:"/usr/bin/make" "cmTC_82935/fast"
/usr/bin/make -f CMakeFiles/cmTC_82935.dir/build.make CMakeFiles/cmTC_82935.dir/build
make[1]: Entering directory '/home/user/QT_Nest/nlopt/CMakeFiles/CMakeTmp'
Building C object CMakeFiles/cmTC_82935.dir/SIZEOF_UNSIGNED_LONG.c.o
/usr/bin/cc    -o CMakeFiles/cmTC_82935.dir/SIZEOF_UNSIGNED_LONG.c.o   -c /home/user/QT_Nest/nlopt/CMakeFiles/CheckTypeSize/SIZEOF_UNSIGNED_LONG.c
Linking C executable cmTC_82935
/usr/bin/cmake -E cmake_link_script CMakeFiles/cmTC_82935.dir/link.txt --verbose=1
/usr/bin/cc      -rdynamic CMakeFiles/cmTC_82935.dir/SIZEOF_UNSIGNED_LONG.c.o  -o cmTC_82935 
make[1]: Leaving directory '/home/user/QT_Nest/nlopt/CMakeFiles/CMakeTmp'


Determining if the function sqrt exists in the m passed with the following output:
Change Dir: /home/user/QT_Nest/nlopt/CMakeFiles/CMakeTmp

Run Build Command:"/usr/bin/make" "cmTC_f3d93/fast"
/usr/bin/make -f CMakeFiles/cmTC_f3d93.dir/build.make CMakeFiles/cmTC_f3d93.dir/build
make[1]: Entering directory '/home/user/QT_Nest/nlopt/CMakeFiles/CMakeTmp'
Building C object CMakeFiles/cmTC_f3d93.dir/CheckFunctionExists.c.o
/usr/bin/cc   -DCHECK_FUNCTION_EXISTS=sqrt   -o CMakeFiles/cmTC_f3d93.dir/CheckFunctionExists.c.o   -c /usr/share/cmake-3.13/Modules/CheckFunctionExists.c
<command-line>: warning: conflicting types for built-in function sqrt [-Wbuiltin-declaration-mismatch]
/usr/share/cmake-3.13/Modules/CheckFunctionExists.c:7:3: note: in expansion of macro CHECK_FUNCTION_EXISTS
   CHECK_FUNCTION_EXISTS(void);
   ^~~~~~~~~~~~~~~~~~~~~
Linking C executable cmTC_f3d93
/usr/bin/cmake -E cmake_link_script CMakeFiles/cmTC_f3d93.dir/link.txt --verbose=1
/usr/bin/cc  -DCHECK_FUNCTION_EXISTS=sqrt    -rdynamic CMakeFiles/cmTC_f3d93.dir/CheckFunctionExists.c.o  -o cmTC_f3d93 -lm 
make[1]: Leaving directory '/home/user/QT_Nest/nlopt/CMakeFiles/CMakeTmp'


Performing C SOURCE FILE Test HAVE_THREAD_LOCAL_STORAGE succeeded with the following output:
Change Dir: /home/user/QT_Nest/nlopt/CMakeFiles/CMakeTmp

Run Build Command:"/usr/bin/make" "cmTC_423cc/fast"
/usr/bin/make -f CMakeFiles/cmTC_423cc.dir/build.make CMakeFiles/cmTC_423cc.dir/build
make[1]: Entering directory '/home/user/QT_Nest/nlopt/CMakeFiles/CMakeTmp'
Building C object CMakeFiles/cmTC_423cc.dir/src.c.o
/usr/bin/cc   -DHAVE_THREAD_LOCAL_STORAGE   -o CMakeFiles/cmTC_423cc.dir/src.c.o   -c /home/user/QT_Nest/nlopt/CMakeFiles/CMakeTmp/src.c
Linking C executable cmTC_423cc
/usr/bin/cmake -E cmake_link_script CMakeFiles/cmTC_423cc.dir/link.txt --verbose=1
/usr/bin/cc  -DHAVE_THREAD_LOCAL_STORAGE    -rdynamic CMakeFiles/cmTC_423cc.dir/src.c.o  -o cmTC_423cc 
make[1]: Leaving directory '/home/user/QT_Nest/nlopt/CMakeFiles/CMakeTmp'

Source file was:

    __thread int tls;

    int main(void) {
        return 0;
    }
Determining if the __cplusplus exist passed with the following output:
Change Dir: /home/user/QT_Nest/nlopt/CMakeFiles/CMakeTmp

Run Build Command:"/usr/bin/make" "cmTC_94083/fast"
/usr/bin/make -f CMakeFiles/cmTC_94083.dir/build.make CMakeFiles/cmTC_94083.dir/build
make[1]: Entering directory '/home/user/QT_Nest/nlopt/CMakeFiles/CMakeTmp'
Building CXX object CMakeFiles/cmTC_94083.dir/CheckSymbolExists.cxx.o
/usr/bin/c++     -o CMakeFiles/cmTC_94083.dir/CheckSymbolExists.cxx.o -c /home/user/QT_Nest/nlopt/CMakeFiles/CMakeTmp/CheckSymbolExists.cxx
Linking CXX executable cmTC_94083
/usr/bin/cmake -E cmake_link_script CMakeFiles/cmTC_94083.dir/link.txt --verbose=1
/usr/bin/c++       -rdynamic CMakeFiles/cmTC_94083.dir/CheckSymbolExists.cxx.o  -o cmTC_94083 
make[1]: Leaving directory '/home/user/QT_Nest/nlopt/CMakeFiles/CMakeTmp'

File /home/user/QT_Nest/nlopt/CMakeFiles/CMakeTmp/CheckSymbolExists.cxx:
/* */
#include <ciso646>

int main(int argc, char** argv)
{
  (void)argv;
#ifndef __cplusplus
  return ((int*)(&__cplusplus))[argc];
#else
  (void)argc;
  return 0;
#endif
}

Performing C++ SOURCE FILE Test SUPPORTS_STDCXX11 succeeded with the following output:
Change Dir: /home/user/QT_Nest/nlopt/CMakeFiles/CMakeTmp

Run Build Command:"/usr/bin/make" "cmTC_3a360/fast"
/usr/bin/make -f CMakeFiles/cmTC_3a360.dir/build.make CMakeFiles/cmTC_3a360.dir/build
make[1]: Entering directory '/home/user/QT_Nest/nlopt/CMakeFiles/CMakeTmp'
Building CXX object CMakeFiles/cmTC_3a360.dir/src.cxx.o
/usr/bin/c++    -DSUPPORTS_STDCXX11   -std=c++11 -o CMakeFiles/cmTC_3a360.dir/src.cxx.o -c /home/user/QT_Nest/nlopt/CMakeFiles/CMakeTmp/src.cxx
Linking CXX executable cmTC_3a360
/usr/bin/cmake -E cmake_link_script CMakeFiles/cmTC_3a360.dir/link.txt --verbose=1
/usr/bin/c++   -DSUPPORTS_STDCXX11    -rdynamic CMakeFiles/cmTC_3a360.dir/src.cxx.o  -o cmTC_3a360 
make[1]: Leaving directory '/home/user/QT_Nest/nlopt/CMakeFiles/CMakeTmp'

Source file was:
int main() { return 0; }
